Determining if the pthread_create exist failed with the following output:
Change Dir: /home/khoa/catkin_ws/build_isolated/voxel_grid/CMakeFiles/CMakeTmp

Run Build Command:"/usr/bin/make" "cmTC_bdc29/fast"
/usr/bin/make -f CMakeFiles/cmTC_bdc29.dir/build.make CMakeFiles/cmTC_bdc29.dir/build
make[1]: Entering directory '/home/khoa/catkin_ws/build_isolated/voxel_grid/CMakeFiles/CMakeTmp'
Building C object CMakeFiles/cmTC_bdc29.dir/CheckSymbolExists.c.o
/usr/bin/cc    -o CMakeFiles/cmTC_bdc29.dir/CheckSymbolExists.c.o   -c /home/khoa/catkin_ws/build_isolated/voxel_grid/CMakeFiles/CMakeTmp/CheckSymbolExists.c
Linking C executable cmTC_bdc29
/usr/bin/cmake -E cmake_link_script CMakeFiles/cmTC_bdc29.dir/link.txt --verbose=1
/usr/bin/cc      -rdynamic CMakeFiles/cmTC_bdc29.dir/CheckSymbolExists.c.o  -o cmTC_bdc29 
CMakeFiles/cmTC_bdc29.dir/CheckSymbolExists.c.o: In function `main':
CheckSymbolExists.c:(.text+0x1b): undefined reference to `pthread_create'
collect2: error: ld returned 1 exit status
CMakeFiles/cmTC_bdc29.dir/build.make:97: recipe for target 'cmTC_bdc29' failed
make[1]: *** [cmTC_bdc29] Error 1
make[1]: Leaving directory '/home/khoa/catkin_ws/build_isolated/voxel_grid/CMakeFiles/CMakeTmp'
Makefile:126: recipe for target 'cmTC_bdc29/fast' failed
make: *** [cmTC_bdc29/fast] Error 2

File /home/khoa/catkin_ws/build_isolated/voxel_grid/CMakeFiles/CMakeTmp/CheckSymbolExists.c:
/* */
#include <pthread.h>

int main(int argc, char** argv)
{
  (void)argv;
#ifndef pthread_create
  return ((int*)(&pthread_create))[argc];
#else
  (void)argc;
  return 0;
#endif
}

Determining if the function pthread_create exists in the pthreads failed with the following output:
Change Dir: /home/khoa/catkin_ws/build_isolated/voxel_grid/CMakeFiles/CMakeTmp

Run Build Command:"/usr/bin/make" "cmTC_9caab/fast"
/usr/bin/make -f CMakeFiles/cmTC_9caab.dir/build.make CMakeFiles/cmTC_9caab.dir/build
make[1]: Entering directory '/home/khoa/catkin_ws/build_isolated/voxel_grid/CMakeFiles/CMakeTmp'
Building C object CMakeFiles/cmTC_9caab.dir/CheckFunctionExists.c.o
/usr/bin/cc   -DCHECK_FUNCTION_EXISTS=pthread_create   -o CMakeFiles/cmTC_9caab.dir/CheckFunctionExists.c.o   -c /usr/share/cmake-3.10/Modules/CheckFunctionExists.c
Linking C executable cmTC_9caab
/usr/bin/cmake -E cmake_link_script CMakeFiles/cmTC_9caab.dir/link.txt --verbose=1
/usr/bin/cc  -DCHECK_FUNCTION_EXISTS=pthread_create    -rdynamic CMakeFiles/cmTC_9caab.dir/CheckFunctionExists.c.o  -o cmTC_9caab -lpthreads 
/usr/bin/ld: cannot find -lpthreads
collect2: error: ld returned 1 exit status
CMakeFiles/cmTC_9caab.dir/build.make:97: recipe for target 'cmTC_9caab' failed
make[1]: *** [cmTC_9caab] Error 1
make[1]: Leaving directory '/home/khoa/catkin_ws/build_isolated/voxel_grid/CMakeFiles/CMakeTmp'
Makefile:126: recipe for target 'cmTC_9caab/fast' failed
make: *** [cmTC_9caab/fast] Error 2


