Determining if the pthread_create exist failed with the following output:
Change Dir: /home/khoa/catkin_ws/build_isolated/turtlebot_description/CMakeFiles/CMakeTmp

Run Build Command:"/usr/bin/make" "cmTC_fdd9a/fast"
/usr/bin/make -f CMakeFiles/cmTC_fdd9a.dir/build.make CMakeFiles/cmTC_fdd9a.dir/build
make[1]: Entering directory '/home/khoa/catkin_ws/build_isolated/turtlebot_description/CMakeFiles/CMakeTmp'
Building C object CMakeFiles/cmTC_fdd9a.dir/CheckSymbolExists.c.o
/usr/bin/cc    -o CMakeFiles/cmTC_fdd9a.dir/CheckSymbolExists.c.o   -c /home/khoa/catkin_ws/build_isolated/turtlebot_description/CMakeFiles/CMakeTmp/CheckSymbolExists.c
Linking C executable cmTC_fdd9a
/usr/bin/cmake -E cmake_link_script CMakeFiles/cmTC_fdd9a.dir/link.txt --verbose=1
/usr/bin/cc      -rdynamic CMakeFiles/cmTC_fdd9a.dir/CheckSymbolExists.c.o  -o cmTC_fdd9a 
CMakeFiles/cmTC_fdd9a.dir/CheckSymbolExists.c.o: In function `main':
CheckSymbolExists.c:(.text+0x1b): undefined reference to `pthread_create'
collect2: error: ld returned 1 exit status
CMakeFiles/cmTC_fdd9a.dir/build.make:97: recipe for target 'cmTC_fdd9a' failed
make[1]: *** [cmTC_fdd9a] Error 1
make[1]: Leaving directory '/home/khoa/catkin_ws/build_isolated/turtlebot_description/CMakeFiles/CMakeTmp'
Makefile:126: recipe for target 'cmTC_fdd9a/fast' failed
make: *** [cmTC_fdd9a/fast] Error 2

File /home/khoa/catkin_ws/build_isolated/turtlebot_description/CMakeFiles/CMakeTmp/CheckSymbolExists.c:
/* */
#include <pthread.h>

int main(int argc, char** argv)
{
  (void)argv;
#ifndef pthread_create
  return ((int*)(&pthread_create))[argc];
#else
  (void)argc;
  return 0;
#endif
}

Determining if the function pthread_create exists in the pthreads failed with the following output:
Change Dir: /home/khoa/catkin_ws/build_isolated/turtlebot_description/CMakeFiles/CMakeTmp

Run Build Command:"/usr/bin/make" "cmTC_61f10/fast"
/usr/bin/make -f CMakeFiles/cmTC_61f10.dir/build.make CMakeFiles/cmTC_61f10.dir/build
make[1]: Entering directory '/home/khoa/catkin_ws/build_isolated/turtlebot_description/CMakeFiles/CMakeTmp'
Building C object CMakeFiles/cmTC_61f10.dir/CheckFunctionExists.c.o
/usr/bin/cc   -DCHECK_FUNCTION_EXISTS=pthread_create   -o CMakeFiles/cmTC_61f10.dir/CheckFunctionExists.c.o   -c /usr/share/cmake-3.10/Modules/CheckFunctionExists.c
Linking C executable cmTC_61f10
/usr/bin/cmake -E cmake_link_script CMakeFiles/cmTC_61f10.dir/link.txt --verbose=1
/usr/bin/cc  -DCHECK_FUNCTION_EXISTS=pthread_create    -rdynamic CMakeFiles/cmTC_61f10.dir/CheckFunctionExists.c.o  -o cmTC_61f10 -lpthreads 
/usr/bin/ld: cannot find -lpthreads
collect2: error: ld returned 1 exit status
CMakeFiles/cmTC_61f10.dir/build.make:97: recipe for target 'cmTC_61f10' failed
make[1]: *** [cmTC_61f10] Error 1
make[1]: Leaving directory '/home/khoa/catkin_ws/build_isolated/turtlebot_description/CMakeFiles/CMakeTmp'
Makefile:126: recipe for target 'cmTC_61f10/fast' failed
make: *** [cmTC_61f10/fast] Error 2


