Determining if the pthread_create exist failed with the following output:
Change Dir: /home/khoa/catkin_ws/build_isolated/tf2_bullet/CMakeFiles/CMakeTmp

Run Build Command:"/usr/bin/make" "cmTC_210b2/fast"
/usr/bin/make -f CMakeFiles/cmTC_210b2.dir/build.make CMakeFiles/cmTC_210b2.dir/build
make[1]: Entering directory '/home/khoa/catkin_ws/build_isolated/tf2_bullet/CMakeFiles/CMakeTmp'
Building C object CMakeFiles/cmTC_210b2.dir/CheckSymbolExists.c.o
/usr/bin/cc    -o CMakeFiles/cmTC_210b2.dir/CheckSymbolExists.c.o   -c /home/khoa/catkin_ws/build_isolated/tf2_bullet/CMakeFiles/CMakeTmp/CheckSymbolExists.c
Linking C executable cmTC_210b2
/usr/bin/cmake -E cmake_link_script CMakeFiles/cmTC_210b2.dir/link.txt --verbose=1
/usr/bin/cc      -rdynamic CMakeFiles/cmTC_210b2.dir/CheckSymbolExists.c.o  -o cmTC_210b2 
CMakeFiles/cmTC_210b2.dir/CheckSymbolExists.c.o: In function `main':
CheckSymbolExists.c:(.text+0x1b): undefined reference to `pthread_create'
collect2: error: ld returned 1 exit status
CMakeFiles/cmTC_210b2.dir/build.make:97: recipe for target 'cmTC_210b2' failed
make[1]: *** [cmTC_210b2] Error 1
make[1]: Leaving directory '/home/khoa/catkin_ws/build_isolated/tf2_bullet/CMakeFiles/CMakeTmp'
Makefile:126: recipe for target 'cmTC_210b2/fast' failed
make: *** [cmTC_210b2/fast] Error 2

File /home/khoa/catkin_ws/build_isolated/tf2_bullet/CMakeFiles/CMakeTmp/CheckSymbolExists.c:
/* */
#include <pthread.h>

int main(int argc, char** argv)
{
  (void)argv;
#ifndef pthread_create
  return ((int*)(&pthread_create))[argc];
#else
  (void)argc;
  return 0;
#endif
}

Determining if the function pthread_create exists in the pthreads failed with the following output:
Change Dir: /home/khoa/catkin_ws/build_isolated/tf2_bullet/CMakeFiles/CMakeTmp

Run Build Command:"/usr/bin/make" "cmTC_13a77/fast"
/usr/bin/make -f CMakeFiles/cmTC_13a77.dir/build.make CMakeFiles/cmTC_13a77.dir/build
make[1]: Entering directory '/home/khoa/catkin_ws/build_isolated/tf2_bullet/CMakeFiles/CMakeTmp'
Building C object CMakeFiles/cmTC_13a77.dir/CheckFunctionExists.c.o
/usr/bin/cc   -DCHECK_FUNCTION_EXISTS=pthread_create   -o CMakeFiles/cmTC_13a77.dir/CheckFunctionExists.c.o   -c /usr/share/cmake-3.10/Modules/CheckFunctionExists.c
Linking C executable cmTC_13a77
/usr/bin/cmake -E cmake_link_script CMakeFiles/cmTC_13a77.dir/link.txt --verbose=1
/usr/bin/cc  -DCHECK_FUNCTION_EXISTS=pthread_create    -rdynamic CMakeFiles/cmTC_13a77.dir/CheckFunctionExists.c.o  -o cmTC_13a77 -lpthreads 
/usr/bin/ld: cannot find -lpthreads
collect2: error: ld returned 1 exit status
CMakeFiles/cmTC_13a77.dir/build.make:97: recipe for target 'cmTC_13a77' failed
make[1]: *** [cmTC_13a77] Error 1
make[1]: Leaving directory '/home/khoa/catkin_ws/build_isolated/tf2_bullet/CMakeFiles/CMakeTmp'
Makefile:126: recipe for target 'cmTC_13a77/fast' failed
make: *** [cmTC_13a77/fast] Error 2


