Determining if the pthread_create exist failed with the following output:
Change Dir: /home/khoa/catkin_ws/build_isolated/hector_compressed_map_transport/CMakeFiles/CMakeTmp

Run Build Command:"/usr/bin/make" "cmTC_a0bcc/fast"
/usr/bin/make -f CMakeFiles/cmTC_a0bcc.dir/build.make CMakeFiles/cmTC_a0bcc.dir/build
make[1]: Entering directory '/home/khoa/catkin_ws/build_isolated/hector_compressed_map_transport/CMakeFiles/CMakeTmp'
Building C object CMakeFiles/cmTC_a0bcc.dir/CheckSymbolExists.c.o
/usr/bin/cc    -o CMakeFiles/cmTC_a0bcc.dir/CheckSymbolExists.c.o   -c /home/khoa/catkin_ws/build_isolated/hector_compressed_map_transport/CMakeFiles/CMakeTmp/CheckSymbolExists.c
Linking C executable cmTC_a0bcc
/usr/bin/cmake -E cmake_link_script CMakeFiles/cmTC_a0bcc.dir/link.txt --verbose=1
/usr/bin/cc      -rdynamic CMakeFiles/cmTC_a0bcc.dir/CheckSymbolExists.c.o  -o cmTC_a0bcc 
CMakeFiles/cmTC_a0bcc.dir/CheckSymbolExists.c.o: In function `main':
CheckSymbolExists.c:(.text+0x1b): undefined reference to `pthread_create'
collect2: error: ld returned 1 exit status
CMakeFiles/cmTC_a0bcc.dir/build.make:97: recipe for target 'cmTC_a0bcc' failed
make[1]: *** [cmTC_a0bcc] Error 1
make[1]: Leaving directory '/home/khoa/catkin_ws/build_isolated/hector_compressed_map_transport/CMakeFiles/CMakeTmp'
Makefile:126: recipe for target 'cmTC_a0bcc/fast' failed
make: *** [cmTC_a0bcc/fast] Error 2

File /home/khoa/catkin_ws/build_isolated/hector_compressed_map_transport/CMakeFiles/CMakeTmp/CheckSymbolExists.c:
/* */
#include <pthread.h>

int main(int argc, char** argv)
{
  (void)argv;
#ifndef pthread_create
  return ((int*)(&pthread_create))[argc];
#else
  (void)argc;
  return 0;
#endif
}

Determining if the function pthread_create exists in the pthreads failed with the following output:
Change Dir: /home/khoa/catkin_ws/build_isolated/hector_compressed_map_transport/CMakeFiles/CMakeTmp

Run Build Command:"/usr/bin/make" "cmTC_bbb9b/fast"
/usr/bin/make -f CMakeFiles/cmTC_bbb9b.dir/build.make CMakeFiles/cmTC_bbb9b.dir/build
make[1]: Entering directory '/home/khoa/catkin_ws/build_isolated/hector_compressed_map_transport/CMakeFiles/CMakeTmp'
Building C object CMakeFiles/cmTC_bbb9b.dir/CheckFunctionExists.c.o
/usr/bin/cc   -DCHECK_FUNCTION_EXISTS=pthread_create   -o CMakeFiles/cmTC_bbb9b.dir/CheckFunctionExists.c.o   -c /usr/share/cmake-3.10/Modules/CheckFunctionExists.c
Linking C executable cmTC_bbb9b
/usr/bin/cmake -E cmake_link_script CMakeFiles/cmTC_bbb9b.dir/link.txt --verbose=1
/usr/bin/cc  -DCHECK_FUNCTION_EXISTS=pthread_create    -rdynamic CMakeFiles/cmTC_bbb9b.dir/CheckFunctionExists.c.o  -o cmTC_bbb9b -lpthreads 
/usr/bin/ld: cannot find -lpthreads
collect2: error: ld returned 1 exit status
CMakeFiles/cmTC_bbb9b.dir/build.make:97: recipe for target 'cmTC_bbb9b' failed
make[1]: *** [cmTC_bbb9b] Error 1
make[1]: Leaving directory '/home/khoa/catkin_ws/build_isolated/hector_compressed_map_transport/CMakeFiles/CMakeTmp'
Makefile:126: recipe for target 'cmTC_bbb9b/fast' failed
make: *** [cmTC_bbb9b/fast] Error 2


