Determining if the pthread_create exist failed with the following output:
Change Dir: /home/khoa/catkin_ws/build/CMakeFiles/CMakeTmp

Run Build Command:"/usr/bin/make" "cmTC_18925/fast"
/usr/bin/make -f CMakeFiles/cmTC_18925.dir/build.make CMakeFiles/cmTC_18925.dir/build
make[1]: Entering directory '/home/khoa/catkin_ws/build/CMakeFiles/CMakeTmp'
Building C object CMakeFiles/cmTC_18925.dir/CheckSymbolExists.c.o
/usr/bin/cc    -o CMakeFiles/cmTC_18925.dir/CheckSymbolExists.c.o   -c /home/khoa/catkin_ws/build/CMakeFiles/CMakeTmp/CheckSymbolExists.c
Linking C executable cmTC_18925
/usr/bin/cmake -E cmake_link_script CMakeFiles/cmTC_18925.dir/link.txt --verbose=1
/usr/bin/cc      -rdynamic CMakeFiles/cmTC_18925.dir/CheckSymbolExists.c.o  -o cmTC_18925 
CMakeFiles/cmTC_18925.dir/CheckSymbolExists.c.o: In function `main':
CheckSymbolExists.c:(.text+0x1b): undefined reference to `pthread_create'
collect2: error: ld returned 1 exit status
CMakeFiles/cmTC_18925.dir/build.make:97: recipe for target 'cmTC_18925' failed
make[1]: *** [cmTC_18925] Error 1
make[1]: Leaving directory '/home/khoa/catkin_ws/build/CMakeFiles/CMakeTmp'
Makefile:126: recipe for target 'cmTC_18925/fast' failed
make: *** [cmTC_18925/fast] Error 2

File /home/khoa/catkin_ws/build/CMakeFiles/CMakeTmp/CheckSymbolExists.c:
/* */
#include <pthread.h>

int main(int argc, char** argv)
{
  (void)argv;
#ifndef pthread_create
  return ((int*)(&pthread_create))[argc];
#else
  (void)argc;
  return 0;
#endif
}

Determining if the function pthread_create exists in the pthreads failed with the following output:
Change Dir: /home/khoa/catkin_ws/build/CMakeFiles/CMakeTmp

Run Build Command:"/usr/bin/make" "cmTC_f1ea8/fast"
/usr/bin/make -f CMakeFiles/cmTC_f1ea8.dir/build.make CMakeFiles/cmTC_f1ea8.dir/build
make[1]: Entering directory '/home/khoa/catkin_ws/build/CMakeFiles/CMakeTmp'
Building C object CMakeFiles/cmTC_f1ea8.dir/CheckFunctionExists.c.o
/usr/bin/cc   -DCHECK_FUNCTION_EXISTS=pthread_create   -o CMakeFiles/cmTC_f1ea8.dir/CheckFunctionExists.c.o   -c /usr/share/cmake-3.10/Modules/CheckFunctionExists.c
Linking C executable cmTC_f1ea8
/usr/bin/cmake -E cmake_link_script CMakeFiles/cmTC_f1ea8.dir/link.txt --verbose=1
/usr/bin/cc  -DCHECK_FUNCTION_EXISTS=pthread_create    -rdynamic CMakeFiles/cmTC_f1ea8.dir/CheckFunctionExists.c.o  -o cmTC_f1ea8 -lpthreads 
/usr/bin/ld: cannot find -lpthreads
collect2: error: ld returned 1 exit status
CMakeFiles/cmTC_f1ea8.dir/build.make:97: recipe for target 'cmTC_f1ea8' failed
make[1]: *** [cmTC_f1ea8] Error 1
make[1]: Leaving directory '/home/khoa/catkin_ws/build/CMakeFiles/CMakeTmp'
Makefile:126: recipe for target 'cmTC_f1ea8/fast' failed
make: *** [cmTC_f1ea8/fast] Error 2


Determining if the Q_WS_WIN exist failed with the following output:
Change Dir: /home/khoa/catkin_ws/build/CMakeFiles/CMakeTmp

Run Build Command:"/usr/bin/make" "cmTC_81a39/fast"
make[1]: Entering directory '/home/khoa/catkin_ws/build/CMakeFiles/CMakeTmp'
/usr/bin/make -f CMakeFiles/cmTC_81a39.dir/build.make CMakeFiles/cmTC_81a39.dir/build
make[2]: Entering directory '/home/khoa/catkin_ws/build/CMakeFiles/CMakeTmp'
Building CXX object CMakeFiles/cmTC_81a39.dir/CheckSymbolExists.cxx.o
/usr/bin/c++   -I/usr/include/qt4   -o CMakeFiles/cmTC_81a39.dir/CheckSymbolExists.cxx.o -c /home/khoa/catkin_ws/build/CMakeFiles/CMakeTmp/CheckSymbolExists.cxx
/home/khoa/catkin_ws/build/CMakeFiles/CMakeTmp/CheckSymbolExists.cxx: In function ‘int main(int, char**)’:
/home/khoa/catkin_ws/build/CMakeFiles/CMakeTmp/CheckSymbolExists.cxx:8:19: error: ‘Q_WS_WIN’ was not declared in this scope
   return ((int*)(&Q_WS_WIN))[argc];
                   ^~~~~~~~
/home/khoa/catkin_ws/build/CMakeFiles/CMakeTmp/CheckSymbolExists.cxx:8:19: note: suggested alternative: ‘Q_WS_X11’
   return ((int*)(&Q_WS_WIN))[argc];
                   ^~~~~~~~
                   Q_WS_X11
CMakeFiles/cmTC_81a39.dir/build.make:65: recipe for target 'CMakeFiles/cmTC_81a39.dir/CheckSymbolExists.cxx.o' failed
make[2]: *** [CMakeFiles/cmTC_81a39.dir/CheckSymbolExists.cxx.o] Error 1
make[2]: Leaving directory '/home/khoa/catkin_ws/build/CMakeFiles/CMakeTmp'
Makefile:126: recipe for target 'cmTC_81a39/fast' failed
make[1]: *** [cmTC_81a39/fast] Error 2
make[1]: Leaving directory '/home/khoa/catkin_ws/build/CMakeFiles/CMakeTmp'

File /home/khoa/catkin_ws/build/CMakeFiles/CMakeTmp/CheckSymbolExists.cxx:
/* */
#include <QtCore/qglobal.h>

int main(int argc, char** argv)
{
  (void)argv;
#ifndef Q_WS_WIN
  return ((int*)(&Q_WS_WIN))[argc];
#else
  (void)argc;
  return 0;
#endif
}

Determining if the Q_WS_QWS exist failed with the following output:
Change Dir: /home/khoa/catkin_ws/build/CMakeFiles/CMakeTmp

Run Build Command:"/usr/bin/make" "cmTC_e8fd1/fast"
make[1]: Entering directory '/home/khoa/catkin_ws/build/CMakeFiles/CMakeTmp'
/usr/bin/make -f CMakeFiles/cmTC_e8fd1.dir/build.make CMakeFiles/cmTC_e8fd1.dir/build
make[2]: Entering directory '/home/khoa/catkin_ws/build/CMakeFiles/CMakeTmp'
Building CXX object CMakeFiles/cmTC_e8fd1.dir/CheckSymbolExists.cxx.o
/usr/bin/c++   -I/usr/include/qt4   -o CMakeFiles/cmTC_e8fd1.dir/CheckSymbolExists.cxx.o -c /home/khoa/catkin_ws/build/CMakeFiles/CMakeTmp/CheckSymbolExists.cxx
/home/khoa/catkin_ws/build/CMakeFiles/CMakeTmp/CheckSymbolExists.cxx: In function ‘int main(int, char**)’:
/home/khoa/catkin_ws/build/CMakeFiles/CMakeTmp/CheckSymbolExists.cxx:8:19: error: ‘Q_WS_QWS’ was not declared in this scope
   return ((int*)(&Q_WS_QWS))[argc];
                   ^~~~~~~~
/home/khoa/catkin_ws/build/CMakeFiles/CMakeTmp/CheckSymbolExists.cxx:8:19: note: suggested alternative: ‘Q_WS_X11’
   return ((int*)(&Q_WS_QWS))[argc];
                   ^~~~~~~~
                   Q_WS_X11
CMakeFiles/cmTC_e8fd1.dir/build.make:65: recipe for target 'CMakeFiles/cmTC_e8fd1.dir/CheckSymbolExists.cxx.o' failed
make[2]: *** [CMakeFiles/cmTC_e8fd1.dir/CheckSymbolExists.cxx.o] Error 1
make[2]: Leaving directory '/home/khoa/catkin_ws/build/CMakeFiles/CMakeTmp'
Makefile:126: recipe for target 'cmTC_e8fd1/fast' failed
make[1]: *** [cmTC_e8fd1/fast] Error 2
make[1]: Leaving directory '/home/khoa/catkin_ws/build/CMakeFiles/CMakeTmp'

File /home/khoa/catkin_ws/build/CMakeFiles/CMakeTmp/CheckSymbolExists.cxx:
/* */
#include <QtCore/qglobal.h>

int main(int argc, char** argv)
{
  (void)argv;
#ifndef Q_WS_QWS
  return ((int*)(&Q_WS_QWS))[argc];
#else
  (void)argc;
  return 0;
#endif
}

Determining if the Q_WS_MAC exist failed with the following output:
Change Dir: /home/khoa/catkin_ws/build/CMakeFiles/CMakeTmp

Run Build Command:"/usr/bin/make" "cmTC_f2fc8/fast"
make[1]: Entering directory '/home/khoa/catkin_ws/build/CMakeFiles/CMakeTmp'
/usr/bin/make -f CMakeFiles/cmTC_f2fc8.dir/build.make CMakeFiles/cmTC_f2fc8.dir/build
make[2]: Entering directory '/home/khoa/catkin_ws/build/CMakeFiles/CMakeTmp'
Building CXX object CMakeFiles/cmTC_f2fc8.dir/CheckSymbolExists.cxx.o
/usr/bin/c++   -I/usr/include/qt4   -o CMakeFiles/cmTC_f2fc8.dir/CheckSymbolExists.cxx.o -c /home/khoa/catkin_ws/build/CMakeFiles/CMakeTmp/CheckSymbolExists.cxx
/home/khoa/catkin_ws/build/CMakeFiles/CMakeTmp/CheckSymbolExists.cxx: In function ‘int main(int, char**)’:
/home/khoa/catkin_ws/build/CMakeFiles/CMakeTmp/CheckSymbolExists.cxx:8:19: error: ‘Q_WS_MAC’ was not declared in this scope
   return ((int*)(&Q_WS_MAC))[argc];
                   ^~~~~~~~
/home/khoa/catkin_ws/build/CMakeFiles/CMakeTmp/CheckSymbolExists.cxx:8:19: note: suggested alternative: ‘Q_WS_X11’
   return ((int*)(&Q_WS_MAC))[argc];
                   ^~~~~~~~
                   Q_WS_X11
CMakeFiles/cmTC_f2fc8.dir/build.make:65: recipe for target 'CMakeFiles/cmTC_f2fc8.dir/CheckSymbolExists.cxx.o' failed
make[2]: *** [CMakeFiles/cmTC_f2fc8.dir/CheckSymbolExists.cxx.o] Error 1
make[2]: Leaving directory '/home/khoa/catkin_ws/build/CMakeFiles/CMakeTmp'
Makefile:126: recipe for target 'cmTC_f2fc8/fast' failed
make[1]: *** [cmTC_f2fc8/fast] Error 2
make[1]: Leaving directory '/home/khoa/catkin_ws/build/CMakeFiles/CMakeTmp'

File /home/khoa/catkin_ws/build/CMakeFiles/CMakeTmp/CheckSymbolExists.cxx:
/* */
#include <QtCore/qglobal.h>

int main(int argc, char** argv)
{
  (void)argv;
#ifndef Q_WS_MAC
  return ((int*)(&Q_WS_MAC))[argc];
#else
  (void)argc;
  return 0;
#endif
}

Determining if the include file pgm.h exists failed with the following output:
Change Dir: /home/khoa/catkin_ws/build/CMakeFiles/CMakeTmp

Run Build Command:"/usr/bin/make" "cmTC_6d59c/fast"
/usr/bin/make -f CMakeFiles/cmTC_6d59c.dir/build.make CMakeFiles/cmTC_6d59c.dir/build
make[1]: Entering directory '/home/khoa/catkin_ws/build/CMakeFiles/CMakeTmp'
Building CXX object CMakeFiles/cmTC_6d59c.dir/CheckIncludeFile.cxx.o
/usr/bin/c++     -o CMakeFiles/cmTC_6d59c.dir/CheckIncludeFile.cxx.o -c /home/khoa/catkin_ws/build/CMakeFiles/CMakeTmp/CheckIncludeFile.cxx
/home/khoa/catkin_ws/build/CMakeFiles/CMakeTmp/CheckIncludeFile.cxx:1:10: fatal error: pgm.h: No such file or directory
 #include <pgm.h>
          ^~~~~~~
compilation terminated.
CMakeFiles/cmTC_6d59c.dir/build.make:65: recipe for target 'CMakeFiles/cmTC_6d59c.dir/CheckIncludeFile.cxx.o' failed
make[1]: *** [CMakeFiles/cmTC_6d59c.dir/CheckIncludeFile.cxx.o] Error 1
make[1]: Leaving directory '/home/khoa/catkin_ws/build/CMakeFiles/CMakeTmp'
Makefile:126: recipe for target 'cmTC_6d59c/fast' failed
make: *** [cmTC_6d59c/fast] Error 2


