Determining if the pthread_create exist failed with the following output:
Change Dir: /home/khoa/catkin_ws/build_isolated/turtlebot3_fake/CMakeFiles/CMakeTmp

Run Build Command:"/usr/bin/make" "cmTC_10718/fast"
/usr/bin/make -f CMakeFiles/cmTC_10718.dir/build.make CMakeFiles/cmTC_10718.dir/build
make[1]: Entering directory '/home/khoa/catkin_ws/build_isolated/turtlebot3_fake/CMakeFiles/CMakeTmp'
Building C object CMakeFiles/cmTC_10718.dir/CheckSymbolExists.c.o
/usr/bin/cc    -o CMakeFiles/cmTC_10718.dir/CheckSymbolExists.c.o   -c /home/khoa/catkin_ws/build_isolated/turtlebot3_fake/CMakeFiles/CMakeTmp/CheckSymbolExists.c
Linking C executable cmTC_10718
/usr/bin/cmake -E cmake_link_script CMakeFiles/cmTC_10718.dir/link.txt --verbose=1
/usr/bin/cc      -rdynamic CMakeFiles/cmTC_10718.dir/CheckSymbolExists.c.o  -o cmTC_10718 
CMakeFiles/cmTC_10718.dir/CheckSymbolExists.c.o: In function `main':
CheckSymbolExists.c:(.text+0x1b): undefined reference to `pthread_create'
collect2: error: ld returned 1 exit status
CMakeFiles/cmTC_10718.dir/build.make:97: recipe for target 'cmTC_10718' failed
make[1]: *** [cmTC_10718] Error 1
make[1]: Leaving directory '/home/khoa/catkin_ws/build_isolated/turtlebot3_fake/CMakeFiles/CMakeTmp'
Makefile:126: recipe for target 'cmTC_10718/fast' failed
make: *** [cmTC_10718/fast] Error 2

File /home/khoa/catkin_ws/build_isolated/turtlebot3_fake/CMakeFiles/CMakeTmp/CheckSymbolExists.c:
/* */
#include <pthread.h>

int main(int argc, char** argv)
{
  (void)argv;
#ifndef pthread_create
  return ((int*)(&pthread_create))[argc];
#else
  (void)argc;
  return 0;
#endif
}

Determining if the function pthread_create exists in the pthreads failed with the following output:
Change Dir: /home/khoa/catkin_ws/build_isolated/turtlebot3_fake/CMakeFiles/CMakeTmp

Run Build Command:"/usr/bin/make" "cmTC_5f582/fast"
/usr/bin/make -f CMakeFiles/cmTC_5f582.dir/build.make CMakeFiles/cmTC_5f582.dir/build
make[1]: Entering directory '/home/khoa/catkin_ws/build_isolated/turtlebot3_fake/CMakeFiles/CMakeTmp'
Building C object CMakeFiles/cmTC_5f582.dir/CheckFunctionExists.c.o
/usr/bin/cc   -DCHECK_FUNCTION_EXISTS=pthread_create   -o CMakeFiles/cmTC_5f582.dir/CheckFunctionExists.c.o   -c /usr/share/cmake-3.10/Modules/CheckFunctionExists.c
Linking C executable cmTC_5f582
/usr/bin/cmake -E cmake_link_script CMakeFiles/cmTC_5f582.dir/link.txt --verbose=1
/usr/bin/cc  -DCHECK_FUNCTION_EXISTS=pthread_create    -rdynamic CMakeFiles/cmTC_5f582.dir/CheckFunctionExists.c.o  -o cmTC_5f582 -lpthreads 
/usr/bin/ld: cannot find -lpthreads
collect2: error: ld returned 1 exit status
CMakeFiles/cmTC_5f582.dir/build.make:97: recipe for target 'cmTC_5f582' failed
make[1]: *** [cmTC_5f582] Error 1
make[1]: Leaving directory '/home/khoa/catkin_ws/build_isolated/turtlebot3_fake/CMakeFiles/CMakeTmp'
Makefile:126: recipe for target 'cmTC_5f582/fast' failed
make: *** [cmTC_5f582/fast] Error 2


