Determining if the pthread_create exist failed with the following output:
Change Dir: /home/khoa/catkin_ws/build_isolated/turtlebot3_msgs/CMakeFiles/CMakeTmp

Run Build Command:"/usr/bin/make" "cmTC_aa194/fast"
/usr/bin/make -f CMakeFiles/cmTC_aa194.dir/build.make CMakeFiles/cmTC_aa194.dir/build
make[1]: Entering directory '/home/khoa/catkin_ws/build_isolated/turtlebot3_msgs/CMakeFiles/CMakeTmp'
Building C object CMakeFiles/cmTC_aa194.dir/CheckSymbolExists.c.o
/usr/bin/cc    -o CMakeFiles/cmTC_aa194.dir/CheckSymbolExists.c.o   -c /home/khoa/catkin_ws/build_isolated/turtlebot3_msgs/CMakeFiles/CMakeTmp/CheckSymbolExists.c
Linking C executable cmTC_aa194
/usr/bin/cmake -E cmake_link_script CMakeFiles/cmTC_aa194.dir/link.txt --verbose=1
/usr/bin/cc      -rdynamic CMakeFiles/cmTC_aa194.dir/CheckSymbolExists.c.o  -o cmTC_aa194 
CMakeFiles/cmTC_aa194.dir/CheckSymbolExists.c.o: In function `main':
CheckSymbolExists.c:(.text+0x1b): undefined reference to `pthread_create'
collect2: error: ld returned 1 exit status
CMakeFiles/cmTC_aa194.dir/build.make:97: recipe for target 'cmTC_aa194' failed
make[1]: *** [cmTC_aa194] Error 1
make[1]: Leaving directory '/home/khoa/catkin_ws/build_isolated/turtlebot3_msgs/CMakeFiles/CMakeTmp'
Makefile:126: recipe for target 'cmTC_aa194/fast' failed
make: *** [cmTC_aa194/fast] Error 2

File /home/khoa/catkin_ws/build_isolated/turtlebot3_msgs/CMakeFiles/CMakeTmp/CheckSymbolExists.c:
/* */
#include <pthread.h>

int main(int argc, char** argv)
{
  (void)argv;
#ifndef pthread_create
  return ((int*)(&pthread_create))[argc];
#else
  (void)argc;
  return 0;
#endif
}

Determining if the function pthread_create exists in the pthreads failed with the following output:
Change Dir: /home/khoa/catkin_ws/build_isolated/turtlebot3_msgs/CMakeFiles/CMakeTmp

Run Build Command:"/usr/bin/make" "cmTC_e351e/fast"
/usr/bin/make -f CMakeFiles/cmTC_e351e.dir/build.make CMakeFiles/cmTC_e351e.dir/build
make[1]: Entering directory '/home/khoa/catkin_ws/build_isolated/turtlebot3_msgs/CMakeFiles/CMakeTmp'
Building C object CMakeFiles/cmTC_e351e.dir/CheckFunctionExists.c.o
/usr/bin/cc   -DCHECK_FUNCTION_EXISTS=pthread_create   -o CMakeFiles/cmTC_e351e.dir/CheckFunctionExists.c.o   -c /usr/share/cmake-3.10/Modules/CheckFunctionExists.c
Linking C executable cmTC_e351e
/usr/bin/cmake -E cmake_link_script CMakeFiles/cmTC_e351e.dir/link.txt --verbose=1
/usr/bin/cc  -DCHECK_FUNCTION_EXISTS=pthread_create    -rdynamic CMakeFiles/cmTC_e351e.dir/CheckFunctionExists.c.o  -o cmTC_e351e -lpthreads 
/usr/bin/ld: cannot find -lpthreads
collect2: error: ld returned 1 exit status
CMakeFiles/cmTC_e351e.dir/build.make:97: recipe for target 'cmTC_e351e' failed
make[1]: *** [cmTC_e351e] Error 1
make[1]: Leaving directory '/home/khoa/catkin_ws/build_isolated/turtlebot3_msgs/CMakeFiles/CMakeTmp'
Makefile:126: recipe for target 'cmTC_e351e/fast' failed
make: *** [cmTC_e351e/fast] Error 2


