Determining if the pthread_create exist failed with the following output:
Change Dir: /home/khoa/catkin_ws/build_isolated/mobile_mini/CMakeFiles/CMakeTmp

Run Build Command:"/usr/bin/make" "cmTC_73b19/fast"
/usr/bin/make -f CMakeFiles/cmTC_73b19.dir/build.make CMakeFiles/cmTC_73b19.dir/build
make[1]: Entering directory '/home/khoa/catkin_ws/build_isolated/mobile_mini/CMakeFiles/CMakeTmp'
Building C object CMakeFiles/cmTC_73b19.dir/CheckSymbolExists.c.o
/usr/bin/cc    -o CMakeFiles/cmTC_73b19.dir/CheckSymbolExists.c.o   -c /home/khoa/catkin_ws/build_isolated/mobile_mini/CMakeFiles/CMakeTmp/CheckSymbolExists.c
Linking C executable cmTC_73b19
/usr/bin/cmake -E cmake_link_script CMakeFiles/cmTC_73b19.dir/link.txt --verbose=1
/usr/bin/cc      -rdynamic CMakeFiles/cmTC_73b19.dir/CheckSymbolExists.c.o  -o cmTC_73b19 
CMakeFiles/cmTC_73b19.dir/CheckSymbolExists.c.o: In function `main':
CheckSymbolExists.c:(.text+0x1b): undefined reference to `pthread_create'
collect2: error: ld returned 1 exit status
CMakeFiles/cmTC_73b19.dir/build.make:97: recipe for target 'cmTC_73b19' failed
make[1]: *** [cmTC_73b19] Error 1
make[1]: Leaving directory '/home/khoa/catkin_ws/build_isolated/mobile_mini/CMakeFiles/CMakeTmp'
Makefile:126: recipe for target 'cmTC_73b19/fast' failed
make: *** [cmTC_73b19/fast] Error 2

File /home/khoa/catkin_ws/build_isolated/mobile_mini/CMakeFiles/CMakeTmp/CheckSymbolExists.c:
/* */
#include <pthread.h>

int main(int argc, char** argv)
{
  (void)argv;
#ifndef pthread_create
  return ((int*)(&pthread_create))[argc];
#else
  (void)argc;
  return 0;
#endif
}

Determining if the function pthread_create exists in the pthreads failed with the following output:
Change Dir: /home/khoa/catkin_ws/build_isolated/mobile_mini/CMakeFiles/CMakeTmp

Run Build Command:"/usr/bin/make" "cmTC_f01a7/fast"
/usr/bin/make -f CMakeFiles/cmTC_f01a7.dir/build.make CMakeFiles/cmTC_f01a7.dir/build
make[1]: Entering directory '/home/khoa/catkin_ws/build_isolated/mobile_mini/CMakeFiles/CMakeTmp'
Building C object CMakeFiles/cmTC_f01a7.dir/CheckFunctionExists.c.o
/usr/bin/cc   -DCHECK_FUNCTION_EXISTS=pthread_create   -o CMakeFiles/cmTC_f01a7.dir/CheckFunctionExists.c.o   -c /usr/share/cmake-3.10/Modules/CheckFunctionExists.c
Linking C executable cmTC_f01a7
/usr/bin/cmake -E cmake_link_script CMakeFiles/cmTC_f01a7.dir/link.txt --verbose=1
/usr/bin/cc  -DCHECK_FUNCTION_EXISTS=pthread_create    -rdynamic CMakeFiles/cmTC_f01a7.dir/CheckFunctionExists.c.o  -o cmTC_f01a7 -lpthreads 
/usr/bin/ld: cannot find -lpthreads
collect2: error: ld returned 1 exit status
CMakeFiles/cmTC_f01a7.dir/build.make:97: recipe for target 'cmTC_f01a7' failed
make[1]: *** [cmTC_f01a7] Error 1
make[1]: Leaving directory '/home/khoa/catkin_ws/build_isolated/mobile_mini/CMakeFiles/CMakeTmp'
Makefile:126: recipe for target 'cmTC_f01a7/fast' failed
make: *** [cmTC_f01a7/fast] Error 2


