Determining if the pthread_create exist failed with the following output:
Change Dir: /home/khoa/catkin_ws/build_isolated/hector_imu_attitude_to_tf/CMakeFiles/CMakeTmp

Run Build Command:"/usr/bin/make" "cmTC_18cee/fast"
/usr/bin/make -f CMakeFiles/cmTC_18cee.dir/build.make CMakeFiles/cmTC_18cee.dir/build
make[1]: Entering directory '/home/khoa/catkin_ws/build_isolated/hector_imu_attitude_to_tf/CMakeFiles/CMakeTmp'
Building C object CMakeFiles/cmTC_18cee.dir/CheckSymbolExists.c.o
/usr/bin/cc    -o CMakeFiles/cmTC_18cee.dir/CheckSymbolExists.c.o   -c /home/khoa/catkin_ws/build_isolated/hector_imu_attitude_to_tf/CMakeFiles/CMakeTmp/CheckSymbolExists.c
Linking C executable cmTC_18cee
/usr/bin/cmake -E cmake_link_script CMakeFiles/cmTC_18cee.dir/link.txt --verbose=1
/usr/bin/cc      -rdynamic CMakeFiles/cmTC_18cee.dir/CheckSymbolExists.c.o  -o cmTC_18cee 
CMakeFiles/cmTC_18cee.dir/CheckSymbolExists.c.o: In function `main':
CheckSymbolExists.c:(.text+0x1b): undefined reference to `pthread_create'
collect2: error: ld returned 1 exit status
CMakeFiles/cmTC_18cee.dir/build.make:97: recipe for target 'cmTC_18cee' failed
make[1]: *** [cmTC_18cee] Error 1
make[1]: Leaving directory '/home/khoa/catkin_ws/build_isolated/hector_imu_attitude_to_tf/CMakeFiles/CMakeTmp'
Makefile:126: recipe for target 'cmTC_18cee/fast' failed
make: *** [cmTC_18cee/fast] Error 2

File /home/khoa/catkin_ws/build_isolated/hector_imu_attitude_to_tf/CMakeFiles/CMakeTmp/CheckSymbolExists.c:
/* */
#include <pthread.h>

int main(int argc, char** argv)
{
  (void)argv;
#ifndef pthread_create
  return ((int*)(&pthread_create))[argc];
#else
  (void)argc;
  return 0;
#endif
}

Determining if the function pthread_create exists in the pthreads failed with the following output:
Change Dir: /home/khoa/catkin_ws/build_isolated/hector_imu_attitude_to_tf/CMakeFiles/CMakeTmp

Run Build Command:"/usr/bin/make" "cmTC_6fb27/fast"
/usr/bin/make -f CMakeFiles/cmTC_6fb27.dir/build.make CMakeFiles/cmTC_6fb27.dir/build
make[1]: Entering directory '/home/khoa/catkin_ws/build_isolated/hector_imu_attitude_to_tf/CMakeFiles/CMakeTmp'
Building C object CMakeFiles/cmTC_6fb27.dir/CheckFunctionExists.c.o
/usr/bin/cc   -DCHECK_FUNCTION_EXISTS=pthread_create   -o CMakeFiles/cmTC_6fb27.dir/CheckFunctionExists.c.o   -c /usr/share/cmake-3.10/Modules/CheckFunctionExists.c
Linking C executable cmTC_6fb27
/usr/bin/cmake -E cmake_link_script CMakeFiles/cmTC_6fb27.dir/link.txt --verbose=1
/usr/bin/cc  -DCHECK_FUNCTION_EXISTS=pthread_create    -rdynamic CMakeFiles/cmTC_6fb27.dir/CheckFunctionExists.c.o  -o cmTC_6fb27 -lpthreads 
/usr/bin/ld: cannot find -lpthreads
collect2: error: ld returned 1 exit status
CMakeFiles/cmTC_6fb27.dir/build.make:97: recipe for target 'cmTC_6fb27' failed
make[1]: *** [cmTC_6fb27] Error 1
make[1]: Leaving directory '/home/khoa/catkin_ws/build_isolated/hector_imu_attitude_to_tf/CMakeFiles/CMakeTmp'
Makefile:126: recipe for target 'cmTC_6fb27/fast' failed
make: *** [cmTC_6fb27/fast] Error 2


