The system is: Linux - 5.4.0-66-generic - x86_64
Compiling the C compiler identification source file "CMakeCCompilerId.c" succeeded.
Compiler: /usr/bin/cc 
Build flags: 
Id flags:  

The output was:
0


Compilation of the C compiler identification source "CMakeCCompilerId.c" produced "a.out"

The C compiler identification is GNU, found in "/home/khoa/catkin_ws/build_isolated/csm/devel/CMakeFiles/3.10.2/CompilerIdC/a.out"

Compiling the CXX compiler identification source file "CMakeCXXCompilerId.cpp" succeeded.
Compiler: /usr/bin/c++ 
Build flags: 
Id flags:  

The output was:
0


Compilation of the CXX compiler identification source "CMakeCXXCompilerId.cpp" produced "a.out"

The CXX compiler identification is GNU, found in "/home/khoa/catkin_ws/build_isolated/csm/devel/CMakeFiles/3.10.2/CompilerIdCXX/a.out"

Determining if the C compiler works passed with the following output:
Change Dir: /home/khoa/catkin_ws/build_isolated/csm/devel/CMakeFiles/CMakeTmp

Run Build Command:"/usr/bin/make" "cmTC_27322/fast"
/usr/bin/make -f CMakeFiles/cmTC_27322.dir/build.make CMakeFiles/cmTC_27322.dir/build
make[1]: Entering directory '/home/khoa/catkin_ws/build_isolated/csm/devel/CMakeFiles/CMakeTmp'
Building C object CMakeFiles/cmTC_27322.dir/testCCompiler.c.o
/usr/bin/cc    -o CMakeFiles/cmTC_27322.dir/testCCompiler.c.o   -c /home/khoa/catkin_ws/build_isolated/csm/devel/CMakeFiles/CMakeTmp/testCCompiler.c
Linking C executable cmTC_27322
/usr/bin/cmake -E cmake_link_script CMakeFiles/cmTC_27322.dir/link.txt --verbose=1
/usr/bin/cc      -rdynamic CMakeFiles/cmTC_27322.dir/testCCompiler.c.o  -o cmTC_27322 
make[1]: Leaving directory '/home/khoa/catkin_ws/build_isolated/csm/devel/CMakeFiles/CMakeTmp'


Detecting C compiler ABI info compiled with the following output:
Change Dir: /home/khoa/catkin_ws/build_isolated/csm/devel/CMakeFiles/CMakeTmp

Run Build Command:"/usr/bin/make" "cmTC_43403/fast"
/usr/bin/make -f CMakeFiles/cmTC_43403.dir/build.make CMakeFiles/cmTC_43403.dir/build
make[1]: Entering directory '/home/khoa/catkin_ws/build_isolated/csm/devel/CMakeFiles/CMakeTmp'
Building C object CMakeFiles/cmTC_43403.dir/CMakeCCompilerABI.c.o
/usr/bin/cc    -o CMakeFiles/cmTC_43403.dir/CMakeCCompilerABI.c.o   -c /usr/share/cmake-3.10/Modules/CMakeCCompilerABI.c
Linking C executable cmTC_43403
/usr/bin/cmake -E cmake_link_script CMakeFiles/cmTC_43403.dir/link.txt --verbose=1
/usr/bin/cc     -v -rdynamic CMakeFiles/cmTC_43403.dir/CMakeCCompilerABI.c.o  -o cmTC_43403 
Using built-in specs.
COLLECT_GCC=/usr/bin/cc
COLLECT_LTO_WRAPPER=/usr/lib/gcc/x86_64-linux-gnu/7/lto-wrapper
OFFLOAD_TARGET_NAMES=nvptx-none
OFFLOAD_TARGET_DEFAULT=1
Target: x86_64-linux-gnu
Configured with: ../src/configure -v --with-pkgversion='Ubuntu 7.5.0-3ubuntu1~18.04' --with-bugurl=file:///usr/share/doc/gcc-7/README.Bugs --enable-languages=c,ada,c++,go,brig,d,fortran,objc,obj-c++ --prefix=/usr --with-gcc-major-version-only --program-suffix=-7 --program-prefix=x86_64-linux-gnu- --enable-shared --enable-linker-build-id --libexecdir=/usr/lib --without-included-gettext --enable-threads=posix --libdir=/usr/lib --enable-nls --enable-bootstrap --enable-clocale=gnu --enable-libstdcxx-debug --enable-libstdcxx-time=yes --with-default-libstdcxx-abi=new --enable-gnu-unique-object --disable-vtable-verify --enable-libmpx --enable-plugin --enable-default-pie --with-system-zlib --with-target-system-zlib --enable-objc-gc=auto --enable-multiarch --disable-werror --with-arch-32=i686 --with-abi=m64 --with-multilib-list=m32,m64,mx32 --enable-multilib --with-tune=generic --enable-offload-targets=nvptx-none --without-cuda-driver --enable-checking=release --build=x86_64-linux-gnu --host=x86_64-linux-gnu --target=x86_64-linux-gnu
Thread model: posix
gcc version 7.5.0 (Ubuntu 7.5.0-3ubuntu1~18.04) 
COMPILER_PATH=/usr/lib/gcc/x86_64-linux-gnu/7/:/usr/lib/gcc/x86_64-linux-gnu/7/:/usr/lib/gcc/x86_64-linux-gnu/:/usr/lib/gcc/x86_64-linux-gnu/7/:/usr/lib/gcc/x86_64-linux-gnu/
LIBRARY_PATH=/usr/lib/gcc/x86_64-linux-gnu/7/:/usr/lib/gcc/x86_64-linux-gnu/7/../../../x86_64-linux-gnu/:/usr/lib/gcc/x86_64-linux-gnu/7/../../../../lib/:/lib/x86_64-linux-gnu/:/lib/../lib/:/usr/lib/x86_64-linux-gnu/:/usr/lib/../lib/:/usr/lib/gcc/x86_64-linux-gnu/7/../../../:/lib/:/usr/lib/
COLLECT_GCC_OPTIONS='-v' '-rdynamic' '-o' 'cmTC_43403' '-mtune=generic' '-march=x86-64'
 /usr/lib/gcc/x86_64-linux-gnu/7/collect2 -plugin /usr/lib/gcc/x86_64-linux-gnu/7/liblto_plugin.so -plugin-opt=/usr/lib/gcc/x86_64-linux-gnu/7/lto-wrapper -plugin-opt=-fresolution=/tmp/ccjLGssX.res -plugin-opt=-pass-through=-lgcc -plugin-opt=-pass-through=-lgcc_s -plugin-opt=-pass-through=-lc -plugin-opt=-pass-through=-lgcc -plugin-opt=-pass-through=-lgcc_s --build-id --eh-frame-hdr -m elf_x86_64 --hash-style=gnu --as-needed -export-dynamic -dynamic-linker /lib64/ld-linux-x86-64.so.2 -pie -z now -z relro -o cmTC_43403 /usr/lib/gcc/x86_64-linux-gnu/7/../../../x86_64-linux-gnu/Scrt1.o /usr/lib/gcc/x86_64-linux-gnu/7/../../../x86_64-linux-gnu/crti.o /usr/lib/gcc/x86_64-linux-gnu/7/crtbeginS.o -L/usr/lib/gcc/x86_64-linux-gnu/7 -L/usr/lib/gcc/x86_64-linux-gnu/7/../../../x86_64-linux-gnu -L/usr/lib/gcc/x86_64-linux-gnu/7/../../../../lib -L/lib/x86_64-linux-gnu -L/lib/../lib -L/usr/lib/x86_64-linux-gnu -L/usr/lib/../lib -L/usr/lib/gcc/x86_64-linux-gnu/7/../../.. CMakeFiles/cmTC_43403.dir/CMakeCCompilerABI.c.o -lgcc --push-state --as-needed -lgcc_s --pop-state -lc -lgcc --push-state --as-needed -lgcc_s --pop-state /usr/lib/gcc/x86_64-linux-gnu/7/crtendS.o /usr/lib/gcc/x86_64-linux-gnu/7/../../../x86_64-linux-gnu/crtn.o
COLLECT_GCC_OPTIONS='-v' '-rdynamic' '-o' 'cmTC_43403' '-mtune=generic' '-march=x86-64'
make[1]: Leaving directory '/home/khoa/catkin_ws/build_isolated/csm/devel/CMakeFiles/CMakeTmp'


Parsed C implicit link information from above output:
  link line regex: [^( *|.*[/\])(ld|CMAKE_LINK_STARTFILE-NOTFOUND|([^/\]+-)?ld|collect2)[^/\]*( |$)]
  ignore line: [Change Dir: /home/khoa/catkin_ws/build_isolated/csm/devel/CMakeFiles/CMakeTmp]
  ignore line: []
  ignore line: [Run Build Command:"/usr/bin/make" "cmTC_43403/fast"]
  ignore line: [/usr/bin/make -f CMakeFiles/cmTC_43403.dir/build.make CMakeFiles/cmTC_43403.dir/build]
  ignore line: [make[1]: Entering directory '/home/khoa/catkin_ws/build_isolated/csm/devel/CMakeFiles/CMakeTmp']
  ignore line: [Building C object CMakeFiles/cmTC_43403.dir/CMakeCCompilerABI.c.o]
  ignore line: [/usr/bin/cc    -o CMakeFiles/cmTC_43403.dir/CMakeCCompilerABI.c.o   -c /usr/share/cmake-3.10/Modules/CMakeCCompilerABI.c]
  ignore line: [Linking C executable cmTC_43403]
  ignore line: [/usr/bin/cmake -E cmake_link_script CMakeFiles/cmTC_43403.dir/link.txt --verbose=1]
  ignore line: [/usr/bin/cc     -v -rdynamic CMakeFiles/cmTC_43403.dir/CMakeCCompilerABI.c.o  -o cmTC_43403 ]
  ignore line: [Using built-in specs.]
  ignore line: [COLLECT_GCC=/usr/bin/cc]
  ignore line: [COLLECT_LTO_WRAPPER=/usr/lib/gcc/x86_64-linux-gnu/7/lto-wrapper]
  ignore line: [OFFLOAD_TARGET_NAMES=nvptx-none]
  ignore line: [OFFLOAD_TARGET_DEFAULT=1]
  ignore line: [Target: x86_64-linux-gnu]
  ignore line: [Configured with: ../src/configure -v --with-pkgversion='Ubuntu 7.5.0-3ubuntu1~18.04' --with-bugurl=file:///usr/share/doc/gcc-7/README.Bugs --enable-languages=c,ada,c++,go,brig,d,fortran,objc,obj-c++ --prefix=/usr --with-gcc-major-version-only --program-suffix=-7 --program-prefix=x86_64-linux-gnu- --enable-shared --enable-linker-build-id --libexecdir=/usr/lib --without-included-gettext --enable-threads=posix --libdir=/usr/lib --enable-nls --enable-bootstrap --enable-clocale=gnu --enable-libstdcxx-debug --enable-libstdcxx-time=yes --with-default-libstdcxx-abi=new --enable-gnu-unique-object --disable-vtable-verify --enable-libmpx --enable-plugin --enable-default-pie --with-system-zlib --with-target-system-zlib --enable-objc-gc=auto --enable-multiarch --disable-werror --with-arch-32=i686 --with-abi=m64 --with-multilib-list=m32,m64,mx32 --enable-multilib --with-tune=generic --enable-offload-targets=nvptx-none --without-cuda-driver --enable-checking=release --build=x86_64-linux-gnu --host=x86_64-linux-gnu --target=x86_64-linux-gnu]
  ignore line: [Thread model: posix]
  ignore line: [gcc version 7.5.0 (Ubuntu 7.5.0-3ubuntu1~18.04) ]
  ignore line: [COMPILER_PATH=/usr/lib/gcc/x86_64-linux-gnu/7/:/usr/lib/gcc/x86_64-linux-gnu/7/:/usr/lib/gcc/x86_64-linux-gnu/:/usr/lib/gcc/x86_64-linux-gnu/7/:/usr/lib/gcc/x86_64-linux-gnu/]
  ignore line: [LIBRARY_PATH=/usr/lib/gcc/x86_64-linux-gnu/7/:/usr/lib/gcc/x86_64-linux-gnu/7/../../../x86_64-linux-gnu/:/usr/lib/gcc/x86_64-linux-gnu/7/../../../../lib/:/lib/x86_64-linux-gnu/:/lib/../lib/:/usr/lib/x86_64-linux-gnu/:/usr/lib/../lib/:/usr/lib/gcc/x86_64-linux-gnu/7/../../../:/lib/:/usr/lib/]
  ignore line: [COLLECT_GCC_OPTIONS='-v' '-rdynamic' '-o' 'cmTC_43403' '-mtune=generic' '-march=x86-64']
  link line: [ /usr/lib/gcc/x86_64-linux-gnu/7/collect2 -plugin /usr/lib/gcc/x86_64-linux-gnu/7/liblto_plugin.so -plugin-opt=/usr/lib/gcc/x86_64-linux-gnu/7/lto-wrapper -plugin-opt=-fresolution=/tmp/ccjLGssX.res -plugin-opt=-pass-through=-lgcc -plugin-opt=-pass-through=-lgcc_s -plugin-opt=-pass-through=-lc -plugin-opt=-pass-through=-lgcc -plugin-opt=-pass-through=-lgcc_s --build-id --eh-frame-hdr -m elf_x86_64 --hash-style=gnu --as-needed -export-dynamic -dynamic-linker /lib64/ld-linux-x86-64.so.2 -pie -z now -z relro -o cmTC_43403 /usr/lib/gcc/x86_64-linux-gnu/7/../../../x86_64-linux-gnu/Scrt1.o /usr/lib/gcc/x86_64-linux-gnu/7/../../../x86_64-linux-gnu/crti.o /usr/lib/gcc/x86_64-linux-gnu/7/crtbeginS.o -L/usr/lib/gcc/x86_64-linux-gnu/7 -L/usr/lib/gcc/x86_64-linux-gnu/7/../../../x86_64-linux-gnu -L/usr/lib/gcc/x86_64-linux-gnu/7/../../../../lib -L/lib/x86_64-linux-gnu -L/lib/../lib -L/usr/lib/x86_64-linux-gnu -L/usr/lib/../lib -L/usr/lib/gcc/x86_64-linux-gnu/7/../../.. CMakeFiles/cmTC_43403.dir/CMakeCCompilerABI.c.o -lgcc --push-state --as-needed -lgcc_s --pop-state -lc -lgcc --push-state --as-needed -lgcc_s --pop-state /usr/lib/gcc/x86_64-linux-gnu/7/crtendS.o /usr/lib/gcc/x86_64-linux-gnu/7/../../../x86_64-linux-gnu/crtn.o]
    arg [/usr/lib/gcc/x86_64-linux-gnu/7/collect2] ==> ignore
    arg [-plugin] ==> ignore
    arg [/usr/lib/gcc/x86_64-linux-gnu/7/liblto_plugin.so] ==> ignore
    arg [-plugin-opt=/usr/lib/gcc/x86_64-linux-gnu/7/lto-wrapper] ==> ignore
    arg [-plugin-opt=-fresolution=/tmp/ccjLGssX.res] ==> ignore
    arg [-plugin-opt=-pass-through=-lgcc] ==> ignore
    arg [-plugin-opt=-pass-through=-lgcc_s] ==> ignore
    arg [-plugin-opt=-pass-through=-lc] ==> ignore
    arg [-plugin-opt=-pass-through=-lgcc] ==> ignore
    arg [-plugin-opt=-pass-through=-lgcc_s] ==> ignore
    arg [--build-id] ==> ignore
    arg [--eh-frame-hdr] ==> ignore
    arg [-m] ==> ignore
    arg [elf_x86_64] ==> ignore
    arg [--hash-style=gnu] ==> ignore
    arg [--as-needed] ==> ignore
    arg [-export-dynamic] ==> ignore
    arg [-dynamic-linker] ==> ignore
    arg [/lib64/ld-linux-x86-64.so.2] ==> ignore
    arg [-pie] ==> ignore
    arg [-znow] ==> ignore
    arg [-zrelro] ==> ignore
    arg [-o] ==> ignore
    arg [cmTC_43403] ==> ignore
    arg [/usr/lib/gcc/x86_64-linux-gnu/7/../../../x86_64-linux-gnu/Scrt1.o] ==> ignore
    arg [/usr/lib/gcc/x86_64-linux-gnu/7/../../../x86_64-linux-gnu/crti.o] ==> ignore
    arg [/usr/lib/gcc/x86_64-linux-gnu/7/crtbeginS.o] ==> ignore
    arg [-L/usr/lib/gcc/x86_64-linux-gnu/7] ==> dir [/usr/lib/gcc/x86_64-linux-gnu/7]
    arg [-L/usr/lib/gcc/x86_64-linux-gnu/7/../../../x86_64-linux-gnu] ==> dir [/usr/lib/gcc/x86_64-linux-gnu/7/../../../x86_64-linux-gnu]
    arg [-L/usr/lib/gcc/x86_64-linux-gnu/7/../../../../lib] ==> dir [/usr/lib/gcc/x86_64-linux-gnu/7/../../../../lib]
    arg [-L/lib/x86_64-linux-gnu] ==> dir [/lib/x86_64-linux-gnu]
    arg [-L/lib/../lib] ==> dir [/lib/../lib]
    arg [-L/usr/lib/x86_64-linux-gnu] ==> dir [/usr/lib/x86_64-linux-gnu]
    arg [-L/usr/lib/../lib] ==> dir [/usr/lib/../lib]
    arg [-L/usr/lib/gcc/x86_64-linux-gnu/7/../../..] ==> dir [/usr/lib/gcc/x86_64-linux-gnu/7/../../..]
    arg [CMakeFiles/cmTC_43403.dir/CMakeCCompilerABI.c.o] ==> ignore
    arg [-lgcc] ==> lib [gcc]
    arg [--push-state] ==> ignore
    arg [--as-needed] ==> ignore
    arg [-lgcc_s] ==> lib [gcc_s]
    arg [--pop-state] ==> ignore
    arg [-lc] ==> lib [c]
    arg [-lgcc] ==> lib [gcc]
    arg [--push-state] ==> ignore
    arg [--as-needed] ==> ignore
    arg [-lgcc_s] ==> lib [gcc_s]
    arg [--pop-state] ==> ignore
    arg [/usr/lib/gcc/x86_64-linux-gnu/7/crtendS.o] ==> ignore
    arg [/usr/lib/gcc/x86_64-linux-gnu/7/../../../x86_64-linux-gnu/crtn.o] ==> ignore
  collapse library dir [/usr/lib/gcc/x86_64-linux-gnu/7] ==> [/usr/lib/gcc/x86_64-linux-gnu/7]
  collapse library dir [/usr/lib/gcc/x86_64-linux-gnu/7/../../../x86_64-linux-gnu] ==> [/usr/lib/x86_64-linux-gnu]
  collapse library dir [/usr/lib/gcc/x86_64-linux-gnu/7/../../../../lib] ==> [/usr/lib]
  collapse library dir [/lib/x86_64-linux-gnu] ==> [/lib/x86_64-linux-gnu]
  collapse library dir [/lib/../lib] ==> [/lib]
  collapse library dir [/usr/lib/x86_64-linux-gnu] ==> [/usr/lib/x86_64-linux-gnu]
  collapse library dir [/usr/lib/../lib] ==> [/usr/lib]
  collapse library dir [/usr/lib/gcc/x86_64-linux-gnu/7/../../..] ==> [/usr/lib]
  implicit libs: [gcc;gcc_s;c;gcc;gcc_s]
  implicit dirs: [/usr/lib/gcc/x86_64-linux-gnu/7;/usr/lib/x86_64-linux-gnu;/usr/lib;/lib/x86_64-linux-gnu;/lib]
  implicit fwks: []




Detecting C [-std=c11] compiler features compiled with the following output:
Change Dir: /home/khoa/catkin_ws/build_isolated/csm/devel/CMakeFiles/CMakeTmp

Run Build Command:"/usr/bin/make" "cmTC_3b7c6/fast"
/usr/bin/make -f CMakeFiles/cmTC_3b7c6.dir/build.make CMakeFiles/cmTC_3b7c6.dir/build
make[1]: Entering directory '/home/khoa/catkin_ws/build_isolated/csm/devel/CMakeFiles/CMakeTmp'
Building C object CMakeFiles/cmTC_3b7c6.dir/feature_tests.c.o
/usr/bin/cc   -std=c11 -o CMakeFiles/cmTC_3b7c6.dir/feature_tests.c.o   -c /home/khoa/catkin_ws/build_isolated/csm/devel/CMakeFiles/feature_tests.c
Linking C executable cmTC_3b7c6
/usr/bin/cmake -E cmake_link_script CMakeFiles/cmTC_3b7c6.dir/link.txt --verbose=1
/usr/bin/cc      -rdynamic CMakeFiles/cmTC_3b7c6.dir/feature_tests.c.o  -o cmTC_3b7c6 
make[1]: Leaving directory '/home/khoa/catkin_ws/build_isolated/csm/devel/CMakeFiles/CMakeTmp'


    Feature record: C_FEATURE:1c_function_prototypes
    Feature record: C_FEATURE:1c_restrict
    Feature record: C_FEATURE:1c_static_assert
    Feature record: C_FEATURE:1c_variadic_macros


Detecting C [-std=c99] compiler features compiled with the following output:
Change Dir: /home/khoa/catkin_ws/build_isolated/csm/devel/CMakeFiles/CMakeTmp

Run Build Command:"/usr/bin/make" "cmTC_5e3f8/fast"
/usr/bin/make -f CMakeFiles/cmTC_5e3f8.dir/build.make CMakeFiles/cmTC_5e3f8.dir/build
make[1]: Entering directory '/home/khoa/catkin_ws/build_isolated/csm/devel/CMakeFiles/CMakeTmp'
Building C object CMakeFiles/cmTC_5e3f8.dir/feature_tests.c.o
/usr/bin/cc   -std=c99 -o CMakeFiles/cmTC_5e3f8.dir/feature_tests.c.o   -c /home/khoa/catkin_ws/build_isolated/csm/devel/CMakeFiles/feature_tests.c
Linking C executable cmTC_5e3f8
/usr/bin/cmake -E cmake_link_script CMakeFiles/cmTC_5e3f8.dir/link.txt --verbose=1
/usr/bin/cc      -rdynamic CMakeFiles/cmTC_5e3f8.dir/feature_tests.c.o  -o cmTC_5e3f8 
make[1]: Leaving directory '/home/khoa/catkin_ws/build_isolated/csm/devel/CMakeFiles/CMakeTmp'


    Feature record: C_FEATURE:1c_function_prototypes
    Feature record: C_FEATURE:1c_restrict
    Feature record: C_FEATURE:0c_static_assert
    Feature record: C_FEATURE:1c_variadic_macros


Detecting C [-std=c90] compiler features compiled with the following output:
Change Dir: /home/khoa/catkin_ws/build_isolated/csm/devel/CMakeFiles/CMakeTmp

Run Build Command:"/usr/bin/make" "cmTC_e5839/fast"
/usr/bin/make -f CMakeFiles/cmTC_e5839.dir/build.make CMakeFiles/cmTC_e5839.dir/build
make[1]: Entering directory '/home/khoa/catkin_ws/build_isolated/csm/devel/CMakeFiles/CMakeTmp'
Building C object CMakeFiles/cmTC_e5839.dir/feature_tests.c.o
/usr/bin/cc   -std=c90 -o CMakeFiles/cmTC_e5839.dir/feature_tests.c.o   -c /home/khoa/catkin_ws/build_isolated/csm/devel/CMakeFiles/feature_tests.c
Linking C executable cmTC_e5839
/usr/bin/cmake -E cmake_link_script CMakeFiles/cmTC_e5839.dir/link.txt --verbose=1
/usr/bin/cc      -rdynamic CMakeFiles/cmTC_e5839.dir/feature_tests.c.o  -o cmTC_e5839 
make[1]: Leaving directory '/home/khoa/catkin_ws/build_isolated/csm/devel/CMakeFiles/CMakeTmp'


    Feature record: C_FEATURE:1c_function_prototypes
    Feature record: C_FEATURE:0c_restrict
    Feature record: C_FEATURE:0c_static_assert
    Feature record: C_FEATURE:0c_variadic_macros
Determining if the CXX compiler works passed with the following output:
Change Dir: /home/khoa/catkin_ws/build_isolated/csm/devel/CMakeFiles/CMakeTmp

Run Build Command:"/usr/bin/make" "cmTC_0c524/fast"
/usr/bin/make -f CMakeFiles/cmTC_0c524.dir/build.make CMakeFiles/cmTC_0c524.dir/build
make[1]: Entering directory '/home/khoa/catkin_ws/build_isolated/csm/devel/CMakeFiles/CMakeTmp'
Building CXX object CMakeFiles/cmTC_0c524.dir/testCXXCompiler.cxx.o
/usr/bin/c++     -o CMakeFiles/cmTC_0c524.dir/testCXXCompiler.cxx.o -c /home/khoa/catkin_ws/build_isolated/csm/devel/CMakeFiles/CMakeTmp/testCXXCompiler.cxx
Linking CXX executable cmTC_0c524
/usr/bin/cmake -E cmake_link_script CMakeFiles/cmTC_0c524.dir/link.txt --verbose=1
/usr/bin/c++       -rdynamic CMakeFiles/cmTC_0c524.dir/testCXXCompiler.cxx.o  -o cmTC_0c524 
make[1]: Leaving directory '/home/khoa/catkin_ws/build_isolated/csm/devel/CMakeFiles/CMakeTmp'


Detecting CXX compiler ABI info compiled with the following output:
Change Dir: /home/khoa/catkin_ws/build_isolated/csm/devel/CMakeFiles/CMakeTmp

Run Build Command:"/usr/bin/make" "cmTC_560d1/fast"
/usr/bin/make -f CMakeFiles/cmTC_560d1.dir/build.make CMakeFiles/cmTC_560d1.dir/build
make[1]: Entering directory '/home/khoa/catkin_ws/build_isolated/csm/devel/CMakeFiles/CMakeTmp'
Building CXX object CMakeFiles/cmTC_560d1.dir/CMakeCXXCompilerABI.cpp.o
/usr/bin/c++     -o CMakeFiles/cmTC_560d1.dir/CMakeCXXCompilerABI.cpp.o -c /usr/share/cmake-3.10/Modules/CMakeCXXCompilerABI.cpp
Linking CXX executable cmTC_560d1
/usr/bin/cmake -E cmake_link_script CMakeFiles/cmTC_560d1.dir/link.txt --verbose=1
/usr/bin/c++      -v -rdynamic CMakeFiles/cmTC_560d1.dir/CMakeCXXCompilerABI.cpp.o  -o cmTC_560d1 
Using built-in specs.
COLLECT_GCC=/usr/bin/c++
COLLECT_LTO_WRAPPER=/usr/lib/gcc/x86_64-linux-gnu/7/lto-wrapper
OFFLOAD_TARGET_NAMES=nvptx-none
OFFLOAD_TARGET_DEFAULT=1
Target: x86_64-linux-gnu
Configured with: ../src/configure -v --with-pkgversion='Ubuntu 7.5.0-3ubuntu1~18.04' --with-bugurl=file:///usr/share/doc/gcc-7/README.Bugs --enable-languages=c,ada,c++,go,brig,d,fortran,objc,obj-c++ --prefix=/usr --with-gcc-major-version-only --program-suffix=-7 --program-prefix=x86_64-linux-gnu- --enable-shared --enable-linker-build-id --libexecdir=/usr/lib --without-included-gettext --enable-threads=posix --libdir=/usr/lib --enable-nls --enable-bootstrap --enable-clocale=gnu --enable-libstdcxx-debug --enable-libstdcxx-time=yes --with-default-libstdcxx-abi=new --enable-gnu-unique-object --disable-vtable-verify --enable-libmpx --enable-plugin --enable-default-pie --with-system-zlib --with-target-system-zlib --enable-objc-gc=auto --enable-multiarch --disable-werror --with-arch-32=i686 --with-abi=m64 --with-multilib-list=m32,m64,mx32 --enable-multilib --with-tune=generic --enable-offload-targets=nvptx-none --without-cuda-driver --enable-checking=release --build=x86_64-linux-gnu --host=x86_64-linux-gnu --target=x86_64-linux-gnu
Thread model: posix
gcc version 7.5.0 (Ubuntu 7.5.0-3ubuntu1~18.04) 
COMPILER_PATH=/usr/lib/gcc/x86_64-linux-gnu/7/:/usr/lib/gcc/x86_64-linux-gnu/7/:/usr/lib/gcc/x86_64-linux-gnu/:/usr/lib/gcc/x86_64-linux-gnu/7/:/usr/lib/gcc/x86_64-linux-gnu/
LIBRARY_PATH=/usr/lib/gcc/x86_64-linux-gnu/7/:/usr/lib/gcc/x86_64-linux-gnu/7/../../../x86_64-linux-gnu/:/usr/lib/gcc/x86_64-linux-gnu/7/../../../../lib/:/lib/x86_64-linux-gnu/:/lib/../lib/:/usr/lib/x86_64-linux-gnu/:/usr/lib/../lib/:/usr/lib/gcc/x86_64-linux-gnu/7/../../../:/lib/:/usr/lib/
COLLECT_GCC_OPTIONS='-v' '-rdynamic' '-o' 'cmTC_560d1' '-shared-libgcc' '-mtune=generic' '-march=x86-64'
 /usr/lib/gcc/x86_64-linux-gnu/7/collect2 -plugin /usr/lib/gcc/x86_64-linux-gnu/7/liblto_plugin.so -plugin-opt=/usr/lib/gcc/x86_64-linux-gnu/7/lto-wrapper -plugin-opt=-fresolution=/tmp/ccaFHdXt.res -plugin-opt=-pass-through=-lgcc_s -plugin-opt=-pass-through=-lgcc -plugin-opt=-pass-through=-lc -plugin-opt=-pass-through=-lgcc_s -plugin-opt=-pass-through=-lgcc --build-id --eh-frame-hdr -m elf_x86_64 --hash-style=gnu --as-needed -export-dynamic -dynamic-linker /lib64/ld-linux-x86-64.so.2 -pie -z now -z relro -o cmTC_560d1 /usr/lib/gcc/x86_64-linux-gnu/7/../../../x86_64-linux-gnu/Scrt1.o /usr/lib/gcc/x86_64-linux-gnu/7/../../../x86_64-linux-gnu/crti.o /usr/lib/gcc/x86_64-linux-gnu/7/crtbeginS.o -L/usr/lib/gcc/x86_64-linux-gnu/7 -L/usr/lib/gcc/x86_64-linux-gnu/7/../../../x86_64-linux-gnu -L/usr/lib/gcc/x86_64-linux-gnu/7/../../../../lib -L/lib/x86_64-linux-gnu -L/lib/../lib -L/usr/lib/x86_64-linux-gnu -L/usr/lib/../lib -L/usr/lib/gcc/x86_64-linux-gnu/7/../../.. CMakeFiles/cmTC_560d1.dir/CMakeCXXCompilerABI.cpp.o -lstdc++ -lm -lgcc_s -lgcc -lc -lgcc_s -lgcc /usr/lib/gcc/x86_64-linux-gnu/7/crtendS.o /usr/lib/gcc/x86_64-linux-gnu/7/../../../x86_64-linux-gnu/crtn.o
COLLECT_GCC_OPTIONS='-v' '-rdynamic' '-o' 'cmTC_560d1' '-shared-libgcc' '-mtune=generic' '-march=x86-64'
make[1]: Leaving directory '/home/khoa/catkin_ws/build_isolated/csm/devel/CMakeFiles/CMakeTmp'


Parsed CXX implicit link information from above output:
  link line regex: [^( *|.*[/\])(ld|CMAKE_LINK_STARTFILE-NOTFOUND|([^/\]+-)?ld|collect2)[^/\]*( |$)]
  ignore line: [Change Dir: /home/khoa/catkin_ws/build_isolated/csm/devel/CMakeFiles/CMakeTmp]
  ignore line: []
  ignore line: [Run Build Command:"/usr/bin/make" "cmTC_560d1/fast"]
  ignore line: [/usr/bin/make -f CMakeFiles/cmTC_560d1.dir/build.make CMakeFiles/cmTC_560d1.dir/build]
  ignore line: [make[1]: Entering directory '/home/khoa/catkin_ws/build_isolated/csm/devel/CMakeFiles/CMakeTmp']
  ignore line: [Building CXX object CMakeFiles/cmTC_560d1.dir/CMakeCXXCompilerABI.cpp.o]
  ignore line: [/usr/bin/c++     -o CMakeFiles/cmTC_560d1.dir/CMakeCXXCompilerABI.cpp.o -c /usr/share/cmake-3.10/Modules/CMakeCXXCompilerABI.cpp]
  ignore line: [Linking CXX executable cmTC_560d1]
  ignore line: [/usr/bin/cmake -E cmake_link_script CMakeFiles/cmTC_560d1.dir/link.txt --verbose=1]
  ignore line: [/usr/bin/c++      -v -rdynamic CMakeFiles/cmTC_560d1.dir/CMakeCXXCompilerABI.cpp.o  -o cmTC_560d1 ]
  ignore line: [Using built-in specs.]
  ignore line: [COLLECT_GCC=/usr/bin/c++]
  ignore line: [COLLECT_LTO_WRAPPER=/usr/lib/gcc/x86_64-linux-gnu/7/lto-wrapper]
  ignore line: [OFFLOAD_TARGET_NAMES=nvptx-none]
  ignore line: [OFFLOAD_TARGET_DEFAULT=1]
  ignore line: [Target: x86_64-linux-gnu]
  ignore line: [Configured with: ../src/configure -v --with-pkgversion='Ubuntu 7.5.0-3ubuntu1~18.04' --with-bugurl=file:///usr/share/doc/gcc-7/README.Bugs --enable-languages=c,ada,c++,go,brig,d,fortran,objc,obj-c++ --prefix=/usr --with-gcc-major-version-only --program-suffix=-7 --program-prefix=x86_64-linux-gnu- --enable-shared --enable-linker-build-id --libexecdir=/usr/lib --without-included-gettext --enable-threads=posix --libdir=/usr/lib --enable-nls --enable-bootstrap --enable-clocale=gnu --enable-libstdcxx-debug --enable-libstdcxx-time=yes --with-default-libstdcxx-abi=new --enable-gnu-unique-object --disable-vtable-verify --enable-libmpx --enable-plugin --enable-default-pie --with-system-zlib --with-target-system-zlib --enable-objc-gc=auto --enable-multiarch --disable-werror --with-arch-32=i686 --with-abi=m64 --with-multilib-list=m32,m64,mx32 --enable-multilib --with-tune=generic --enable-offload-targets=nvptx-none --without-cuda-driver --enable-checking=release --build=x86_64-linux-gnu --host=x86_64-linux-gnu --target=x86_64-linux-gnu]
  ignore line: [Thread model: posix]
  ignore line: [gcc version 7.5.0 (Ubuntu 7.5.0-3ubuntu1~18.04) ]
  ignore line: [COMPILER_PATH=/usr/lib/gcc/x86_64-linux-gnu/7/:/usr/lib/gcc/x86_64-linux-gnu/7/:/usr/lib/gcc/x86_64-linux-gnu/:/usr/lib/gcc/x86_64-linux-gnu/7/:/usr/lib/gcc/x86_64-linux-gnu/]
  ignore line: [LIBRARY_PATH=/usr/lib/gcc/x86_64-linux-gnu/7/:/usr/lib/gcc/x86_64-linux-gnu/7/../../../x86_64-linux-gnu/:/usr/lib/gcc/x86_64-linux-gnu/7/../../../../lib/:/lib/x86_64-linux-gnu/:/lib/../lib/:/usr/lib/x86_64-linux-gnu/:/usr/lib/../lib/:/usr/lib/gcc/x86_64-linux-gnu/7/../../../:/lib/:/usr/lib/]
  ignore line: [COLLECT_GCC_OPTIONS='-v' '-rdynamic' '-o' 'cmTC_560d1' '-shared-libgcc' '-mtune=generic' '-march=x86-64']
  link line: [ /usr/lib/gcc/x86_64-linux-gnu/7/collect2 -plugin /usr/lib/gcc/x86_64-linux-gnu/7/liblto_plugin.so -plugin-opt=/usr/lib/gcc/x86_64-linux-gnu/7/lto-wrapper -plugin-opt=-fresolution=/tmp/ccaFHdXt.res -plugin-opt=-pass-through=-lgcc_s -plugin-opt=-pass-through=-lgcc -plugin-opt=-pass-through=-lc -plugin-opt=-pass-through=-lgcc_s -plugin-opt=-pass-through=-lgcc --build-id --eh-frame-hdr -m elf_x86_64 --hash-style=gnu --as-needed -export-dynamic -dynamic-linker /lib64/ld-linux-x86-64.so.2 -pie -z now -z relro -o cmTC_560d1 /usr/lib/gcc/x86_64-linux-gnu/7/../../../x86_64-linux-gnu/Scrt1.o /usr/lib/gcc/x86_64-linux-gnu/7/../../../x86_64-linux-gnu/crti.o /usr/lib/gcc/x86_64-linux-gnu/7/crtbeginS.o -L/usr/lib/gcc/x86_64-linux-gnu/7 -L/usr/lib/gcc/x86_64-linux-gnu/7/../../../x86_64-linux-gnu -L/usr/lib/gcc/x86_64-linux-gnu/7/../../../../lib -L/lib/x86_64-linux-gnu -L/lib/../lib -L/usr/lib/x86_64-linux-gnu -L/usr/lib/../lib -L/usr/lib/gcc/x86_64-linux-gnu/7/../../.. CMakeFiles/cmTC_560d1.dir/CMakeCXXCompilerABI.cpp.o -lstdc++ -lm -lgcc_s -lgcc -lc -lgcc_s -lgcc /usr/lib/gcc/x86_64-linux-gnu/7/crtendS.o /usr/lib/gcc/x86_64-linux-gnu/7/../../../x86_64-linux-gnu/crtn.o]
    arg [/usr/lib/gcc/x86_64-linux-gnu/7/collect2] ==> ignore
    arg [-plugin] ==> ignore
    arg [/usr/lib/gcc/x86_64-linux-gnu/7/liblto_plugin.so] ==> ignore
    arg [-plugin-opt=/usr/lib/gcc/x86_64-linux-gnu/7/lto-wrapper] ==> ignore
    arg [-plugin-opt=-fresolution=/tmp/ccaFHdXt.res] ==> ignore
    arg [-plugin-opt=-pass-through=-lgcc_s] ==> ignore
    arg [-plugin-opt=-pass-through=-lgcc] ==> ignore
    arg [-plugin-opt=-pass-through=-lc] ==> ignore
    arg [-plugin-opt=-pass-through=-lgcc_s] ==> ignore
    arg [-plugin-opt=-pass-through=-lgcc] ==> ignore
    arg [--build-id] ==> ignore
    arg [--eh-frame-hdr] ==> ignore
    arg [-m] ==> ignore
    arg [elf_x86_64] ==> ignore
    arg [--hash-style=gnu] ==> ignore
    arg [--as-needed] ==> ignore
    arg [-export-dynamic] ==> ignore
    arg [-dynamic-linker] ==> ignore
    arg [/lib64/ld-linux-x86-64.so.2] ==> ignore
    arg [-pie] ==> ignore
    arg [-znow] ==> ignore
    arg [-zrelro] ==> ignore
    arg [-o] ==> ignore
    arg [cmTC_560d1] ==> ignore
    arg [/usr/lib/gcc/x86_64-linux-gnu/7/../../../x86_64-linux-gnu/Scrt1.o] ==> ignore
    arg [/usr/lib/gcc/x86_64-linux-gnu/7/../../../x86_64-linux-gnu/crti.o] ==> ignore
    arg [/usr/lib/gcc/x86_64-linux-gnu/7/crtbeginS.o] ==> ignore
    arg [-L/usr/lib/gcc/x86_64-linux-gnu/7] ==> dir [/usr/lib/gcc/x86_64-linux-gnu/7]
    arg [-L/usr/lib/gcc/x86_64-linux-gnu/7/../../../x86_64-linux-gnu] ==> dir [/usr/lib/gcc/x86_64-linux-gnu/7/../../../x86_64-linux-gnu]
    arg [-L/usr/lib/gcc/x86_64-linux-gnu/7/../../../../lib] ==> dir [/usr/lib/gcc/x86_64-linux-gnu/7/../../../../lib]
    arg [-L/lib/x86_64-linux-gnu] ==> dir [/lib/x86_64-linux-gnu]
    arg [-L/lib/../lib] ==> dir [/lib/../lib]
    arg [-L/usr/lib/x86_64-linux-gnu] ==> dir [/usr/lib/x86_64-linux-gnu]
    arg [-L/usr/lib/../lib] ==> dir [/usr/lib/../lib]
    arg [-L/usr/lib/gcc/x86_64-linux-gnu/7/../../..] ==> dir [/usr/lib/gcc/x86_64-linux-gnu/7/../../..]
    arg [CMakeFiles/cmTC_560d1.dir/CMakeCXXCompilerABI.cpp.o] ==> ignore
    arg [-lstdc++] ==> lib [stdc++]
    arg [-lm] ==> lib [m]
    arg [-lgcc_s] ==> lib [gcc_s]
    arg [-lgcc] ==> lib [gcc]
    arg [-lc] ==> lib [c]
    arg [-lgcc_s] ==> lib [gcc_s]
    arg [-lgcc] ==> lib [gcc]
    arg [/usr/lib/gcc/x86_64-linux-gnu/7/crtendS.o] ==> ignore
    arg [/usr/lib/gcc/x86_64-linux-gnu/7/../../../x86_64-linux-gnu/crtn.o] ==> ignore
  collapse library dir [/usr/lib/gcc/x86_64-linux-gnu/7] ==> [/usr/lib/gcc/x86_64-linux-gnu/7]
  collapse library dir [/usr/lib/gcc/x86_64-linux-gnu/7/../../../x86_64-linux-gnu] ==> [/usr/lib/x86_64-linux-gnu]
  collapse library dir [/usr/lib/gcc/x86_64-linux-gnu/7/../../../../lib] ==> [/usr/lib]
  collapse library dir [/lib/x86_64-linux-gnu] ==> [/lib/x86_64-linux-gnu]
  collapse library dir [/lib/../lib] ==> [/lib]
  collapse library dir [/usr/lib/x86_64-linux-gnu] ==> [/usr/lib/x86_64-linux-gnu]
  collapse library dir [/usr/lib/../lib] ==> [/usr/lib]
  collapse library dir [/usr/lib/gcc/x86_64-linux-gnu/7/../../..] ==> [/usr/lib]
  implicit libs: [stdc++;m;gcc_s;gcc;c;gcc_s;gcc]
  implicit dirs: [/usr/lib/gcc/x86_64-linux-gnu/7;/usr/lib/x86_64-linux-gnu;/usr/lib;/lib/x86_64-linux-gnu;/lib]
  implicit fwks: []




Detecting CXX [-std=c++1z] compiler features compiled with the following output:
Change Dir: /home/khoa/catkin_ws/build_isolated/csm/devel/CMakeFiles/CMakeTmp

Run Build Command:"/usr/bin/make" "cmTC_ef46a/fast"
/usr/bin/make -f CMakeFiles/cmTC_ef46a.dir/build.make CMakeFiles/cmTC_ef46a.dir/build
make[1]: Entering directory '/home/khoa/catkin_ws/build_isolated/csm/devel/CMakeFiles/CMakeTmp'
Building CXX object CMakeFiles/cmTC_ef46a.dir/feature_tests.cxx.o
/usr/bin/c++    -std=c++1z -o CMakeFiles/cmTC_ef46a.dir/feature_tests.cxx.o -c /home/khoa/catkin_ws/build_isolated/csm/devel/CMakeFiles/feature_tests.cxx
Linking CXX executable cmTC_ef46a
/usr/bin/cmake -E cmake_link_script CMakeFiles/cmTC_ef46a.dir/link.txt --verbose=1
/usr/bin/c++       -rdynamic CMakeFiles/cmTC_ef46a.dir/feature_tests.cxx.o  -o cmTC_ef46a 
make[1]: Leaving directory '/home/khoa/catkin_ws/build_isolated/csm/devel/CMakeFiles/CMakeTmp'


    Feature record: CXX_FEATURE:1cxx_aggregate_default_initializers
    Feature record: CXX_FEATURE:1cxx_alias_templates
    Feature record: CXX_FEATURE:1cxx_alignas
    Feature record: CXX_FEATURE:1cxx_alignof
    Feature record: CXX_FEATURE:1cxx_attributes
    Feature record: CXX_FEATURE:1cxx_attribute_deprecated
    Feature record: CXX_FEATURE:1cxx_auto_type
    Feature record: CXX_FEATURE:1cxx_binary_literals
    Feature record: CXX_FEATURE:1cxx_constexpr
    Feature record: CXX_FEATURE:1cxx_contextual_conversions
    Feature record: CXX_FEATURE:1cxx_decltype
    Feature record: CXX_FEATURE:1cxx_decltype_auto
    Feature record: CXX_FEATURE:1cxx_decltype_incomplete_return_types
    Feature record: CXX_FEATURE:1cxx_default_function_template_args
    Feature record: CXX_FEATURE:1cxx_defaulted_functions
    Feature record: CXX_FEATURE:1cxx_defaulted_move_initializers
    Feature record: CXX_FEATURE:1cxx_delegating_constructors
    Feature record: CXX_FEATURE:1cxx_deleted_functions
    Feature record: CXX_FEATURE:1cxx_digit_separators
    Feature record: CXX_FEATURE:1cxx_enum_forward_declarations
    Feature record: CXX_FEATURE:1cxx_explicit_conversions
    Feature record: CXX_FEATURE:1cxx_extended_friend_declarations
    Feature record: CXX_FEATURE:1cxx_extern_templates
    Feature record: CXX_FEATURE:1cxx_final
    Feature record: CXX_FEATURE:1cxx_func_identifier
    Feature record: CXX_FEATURE:1cxx_generalized_initializers
    Feature record: CXX_FEATURE:1cxx_generic_lambdas
    Feature record: CXX_FEATURE:1cxx_inheriting_constructors
    Feature record: CXX_FEATURE:1cxx_inline_namespaces
    Feature record: CXX_FEATURE:1cxx_lambdas
    Feature record: CXX_FEATURE:1cxx_lambda_init_captures
    Feature record: CXX_FEATURE:1cxx_local_type_template_args
    Feature record: CXX_FEATURE:1cxx_long_long_type
    Feature record: CXX_FEATURE:1cxx_noexcept
    Feature record: CXX_FEATURE:1cxx_nonstatic_member_init
    Feature record: CXX_FEATURE:1cxx_nullptr
    Feature record: CXX_FEATURE:1cxx_override
    Feature record: CXX_FEATURE:1cxx_range_for
    Feature record: CXX_FEATURE:1cxx_raw_string_literals
    Feature record: CXX_FEATURE:1cxx_reference_qualified_functions
    Feature record: CXX_FEATURE:1cxx_relaxed_constexpr
    Feature record: CXX_FEATURE:1cxx_return_type_deduction
    Feature record: CXX_FEATURE:1cxx_right_angle_brackets
    Feature record: CXX_FEATURE:1cxx_rvalue_references
    Feature record: CXX_FEATURE:1cxx_sizeof_member
    Feature record: CXX_FEATURE:1cxx_static_assert
    Feature record: CXX_FEATURE:1cxx_strong_enums
    Feature record: CXX_FEATURE:1cxx_template_template_parameters
    Feature record: CXX_FEATURE:1cxx_thread_local
    Feature record: CXX_FEATURE:1cxx_trailing_return_types
    Feature record: CXX_FEATURE:1cxx_unicode_literals
    Feature record: CXX_FEATURE:1cxx_uniform_initialization
    Feature record: CXX_FEATURE:1cxx_unrestricted_unions
    Feature record: CXX_FEATURE:1cxx_user_literals
    Feature record: CXX_FEATURE:1cxx_variable_templates
    Feature record: CXX_FEATURE:1cxx_variadic_macros
    Feature record: CXX_FEATURE:1cxx_variadic_templates


Detecting CXX [-std=c++14] compiler features compiled with the following output:
Change Dir: /home/khoa/catkin_ws/build_isolated/csm/devel/CMakeFiles/CMakeTmp

Run Build Command:"/usr/bin/make" "cmTC_1ea08/fast"
/usr/bin/make -f CMakeFiles/cmTC_1ea08.dir/build.make CMakeFiles/cmTC_1ea08.dir/build
make[1]: Entering directory '/home/khoa/catkin_ws/build_isolated/csm/devel/CMakeFiles/CMakeTmp'
Building CXX object CMakeFiles/cmTC_1ea08.dir/feature_tests.cxx.o
/usr/bin/c++    -std=c++14 -o CMakeFiles/cmTC_1ea08.dir/feature_tests.cxx.o -c /home/khoa/catkin_ws/build_isolated/csm/devel/CMakeFiles/feature_tests.cxx
Linking CXX executable cmTC_1ea08
/usr/bin/cmake -E cmake_link_script CMakeFiles/cmTC_1ea08.dir/link.txt --verbose=1
/usr/bin/c++       -rdynamic CMakeFiles/cmTC_1ea08.dir/feature_tests.cxx.o  -o cmTC_1ea08 
make[1]: Leaving directory '/home/khoa/catkin_ws/build_isolated/csm/devel/CMakeFiles/CMakeTmp'


    Feature record: CXX_FEATURE:1cxx_aggregate_default_initializers
    Feature record: CXX_FEATURE:1cxx_alias_templates
    Feature record: CXX_FEATURE:1cxx_alignas
    Feature record: CXX_FEATURE:1cxx_alignof
    Feature record: CXX_FEATURE:1cxx_attributes
    Feature record: CXX_FEATURE:1cxx_attribute_deprecated
    Feature record: CXX_FEATURE:1cxx_auto_type
    Feature record: CXX_FEATURE:1cxx_binary_literals
    Feature record: CXX_FEATURE:1cxx_constexpr
    Feature record: CXX_FEATURE:1cxx_contextual_conversions
    Feature record: CXX_FEATURE:1cxx_decltype
    Feature record: CXX_FEATURE:1cxx_decltype_auto
    Feature record: CXX_FEATURE:1cxx_decltype_incomplete_return_types
    Feature record: CXX_FEATURE:1cxx_default_function_template_args
    Feature record: CXX_FEATURE:1cxx_defaulted_functions
    Feature record: CXX_FEATURE:1cxx_defaulted_move_initializers
    Feature record: CXX_FEATURE:1cxx_delegating_constructors
    Feature record: CXX_FEATURE:1cxx_deleted_functions
    Feature record: CXX_FEATURE:1cxx_digit_separators
    Feature record: CXX_FEATURE:1cxx_enum_forward_declarations
    Feature record: CXX_FEATURE:1cxx_explicit_conversions
    Feature record: CXX_FEATURE:1cxx_extended_friend_declarations
    Feature record: CXX_FEATURE:1cxx_extern_templates
    Feature record: CXX_FEATURE:1cxx_final
    Feature record: CXX_FEATURE:1cxx_func_identifier
    Feature record: CXX_FEATURE:1cxx_generalized_initializers
    Feature record: CXX_FEATURE:1cxx_generic_lambdas
    Feature record: CXX_FEATURE:1cxx_inheriting_constructors
    Feature record: CXX_FEATURE:1cxx_inline_namespaces
    Feature record: CXX_FEATURE:1cxx_lambdas
    Feature record: CXX_FEATURE:1cxx_lambda_init_captures
    Feature record: CXX_FEATURE:1cxx_local_type_template_args
    Feature record: CXX_FEATURE:1cxx_long_long_type
    Feature record: CXX_FEATURE:1cxx_noexcept
    Feature record: CXX_FEATURE:1cxx_nonstatic_member_init
    Feature record: CXX_FEATURE:1cxx_nullptr
    Feature record: CXX_FEATURE:1cxx_override
    Feature record: CXX_FEATURE:1cxx_range_for
    Feature record: CXX_FEATURE:1cxx_raw_string_literals
    Feature record: CXX_FEATURE:1cxx_reference_qualified_functions
    Feature record: CXX_FEATURE:1cxx_relaxed_constexpr
    Feature record: CXX_FEATURE:1cxx_return_type_deduction
    Feature record: CXX_FEATURE:1cxx_right_angle_brackets
    Feature record: CXX_FEATURE:1cxx_rvalue_references
    Feature record: CXX_FEATURE:1cxx_sizeof_member
    Feature record: CXX_FEATURE:1cxx_static_assert
    Feature record: CXX_FEATURE:1cxx_strong_enums
    Feature record: CXX_FEATURE:1cxx_template_template_parameters
    Feature record: CXX_FEATURE:1cxx_thread_local
    Feature record: CXX_FEATURE:1cxx_trailing_return_types
    Feature record: CXX_FEATURE:1cxx_unicode_literals
    Feature record: CXX_FEATURE:1cxx_uniform_initialization
    Feature record: CXX_FEATURE:1cxx_unrestricted_unions
    Feature record: CXX_FEATURE:1cxx_user_literals
    Feature record: CXX_FEATURE:1cxx_variable_templates
    Feature record: CXX_FEATURE:1cxx_variadic_macros
    Feature record: CXX_FEATURE:1cxx_variadic_templates


Detecting CXX [-std=c++11] compiler features compiled with the following output:
Change Dir: /home/khoa/catkin_ws/build_isolated/csm/devel/CMakeFiles/CMakeTmp

Run Build Command:"/usr/bin/make" "cmTC_c3ae6/fast"
/usr/bin/make -f CMakeFiles/cmTC_c3ae6.dir/build.make CMakeFiles/cmTC_c3ae6.dir/build
make[1]: Entering directory '/home/khoa/catkin_ws/build_isolated/csm/devel/CMakeFiles/CMakeTmp'
Building CXX object CMakeFiles/cmTC_c3ae6.dir/feature_tests.cxx.o
/usr/bin/c++    -std=c++11 -o CMakeFiles/cmTC_c3ae6.dir/feature_tests.cxx.o -c /home/khoa/catkin_ws/build_isolated/csm/devel/CMakeFiles/feature_tests.cxx
Linking CXX executable cmTC_c3ae6
/usr/bin/cmake -E cmake_link_script CMakeFiles/cmTC_c3ae6.dir/link.txt --verbose=1
/usr/bin/c++       -rdynamic CMakeFiles/cmTC_c3ae6.dir/feature_tests.cxx.o  -o cmTC_c3ae6 
make[1]: Leaving directory '/home/khoa/catkin_ws/build_isolated/csm/devel/CMakeFiles/CMakeTmp'


    Feature record: CXX_FEATURE:0cxx_aggregate_default_initializers
    Feature record: CXX_FEATURE:1cxx_alias_templates
    Feature record: CXX_FEATURE:1cxx_alignas
    Feature record: CXX_FEATURE:1cxx_alignof
    Feature record: CXX_FEATURE:1cxx_attributes
    Feature record: CXX_FEATURE:0cxx_attribute_deprecated
    Feature record: CXX_FEATURE:1cxx_auto_type
    Feature record: CXX_FEATURE:0cxx_binary_literals
    Feature record: CXX_FEATURE:1cxx_constexpr
    Feature record: CXX_FEATURE:0cxx_contextual_conversions
    Feature record: CXX_FEATURE:1cxx_decltype
    Feature record: CXX_FEATURE:0cxx_decltype_auto
    Feature record: CXX_FEATURE:1cxx_decltype_incomplete_return_types
    Feature record: CXX_FEATURE:1cxx_default_function_template_args
    Feature record: CXX_FEATURE:1cxx_defaulted_functions
    Feature record: CXX_FEATURE:1cxx_defaulted_move_initializers
    Feature record: CXX_FEATURE:1cxx_delegating_constructors
    Feature record: CXX_FEATURE:1cxx_deleted_functions
    Feature record: CXX_FEATURE:0cxx_digit_separators
    Feature record: CXX_FEATURE:1cxx_enum_forward_declarations
    Feature record: CXX_FEATURE:1cxx_explicit_conversions
    Feature record: CXX_FEATURE:1cxx_extended_friend_declarations
    Feature record: CXX_FEATURE:1cxx_extern_templates
    Feature record: CXX_FEATURE:1cxx_final
    Feature record: CXX_FEATURE:1cxx_func_identifier
    Feature record: CXX_FEATURE:1cxx_generalized_initializers
    Feature record: CXX_FEATURE:0cxx_generic_lambdas
    Feature record: CXX_FEATURE:1cxx_inheriting_constructors
    Feature record: CXX_FEATURE:1cxx_inline_namespaces
    Feature record: CXX_FEATURE:1cxx_lambdas
    Feature record: CXX_FEATURE:0cxx_lambda_init_captures
    Feature record: CXX_FEATURE:1cxx_local_type_template_args
    Feature record: CXX_FEATURE:1cxx_long_long_type
    Feature record: CXX_FEATURE:1cxx_noexcept
    Feature record: CXX_FEATURE:1cxx_nonstatic_member_init
    Feature record: CXX_FEATURE:1cxx_nullptr
    Feature record: CXX_FEATURE:1cxx_override
    Feature record: CXX_FEATURE:1cxx_range_for
    Feature record: CXX_FEATURE:1cxx_raw_string_literals
    Feature record: CXX_FEATURE:1cxx_reference_qualified_functions
    Feature record: CXX_FEATURE:0cxx_relaxed_constexpr
    Feature record: CXX_FEATURE:0cxx_return_type_deduction
    Feature record: CXX_FEATURE:1cxx_right_angle_brackets
    Feature record: CXX_FEATURE:1cxx_rvalue_references
    Feature record: CXX_FEATURE:1cxx_sizeof_member
    Feature record: CXX_FEATURE:1cxx_static_assert
    Feature record: CXX_FEATURE:1cxx_strong_enums
    Feature record: CXX_FEATURE:1cxx_template_template_parameters
    Feature record: CXX_FEATURE:1cxx_thread_local
    Feature record: CXX_FEATURE:1cxx_trailing_return_types
    Feature record: CXX_FEATURE:1cxx_unicode_literals
    Feature record: CXX_FEATURE:1cxx_uniform_initialization
    Feature record: CXX_FEATURE:1cxx_unrestricted_unions
    Feature record: CXX_FEATURE:1cxx_user_literals
    Feature record: CXX_FEATURE:0cxx_variable_templates
    Feature record: CXX_FEATURE:1cxx_variadic_macros
    Feature record: CXX_FEATURE:1cxx_variadic_templates


Detecting CXX [-std=c++98] compiler features compiled with the following output:
Change Dir: /home/khoa/catkin_ws/build_isolated/csm/devel/CMakeFiles/CMakeTmp

Run Build Command:"/usr/bin/make" "cmTC_8e72f/fast"
/usr/bin/make -f CMakeFiles/cmTC_8e72f.dir/build.make CMakeFiles/cmTC_8e72f.dir/build
make[1]: Entering directory '/home/khoa/catkin_ws/build_isolated/csm/devel/CMakeFiles/CMakeTmp'
Building CXX object CMakeFiles/cmTC_8e72f.dir/feature_tests.cxx.o
/usr/bin/c++    -std=c++98 -o CMakeFiles/cmTC_8e72f.dir/feature_tests.cxx.o -c /home/khoa/catkin_ws/build_isolated/csm/devel/CMakeFiles/feature_tests.cxx
Linking CXX executable cmTC_8e72f
/usr/bin/cmake -E cmake_link_script CMakeFiles/cmTC_8e72f.dir/link.txt --verbose=1
/usr/bin/c++       -rdynamic CMakeFiles/cmTC_8e72f.dir/feature_tests.cxx.o  -o cmTC_8e72f 
make[1]: Leaving directory '/home/khoa/catkin_ws/build_isolated/csm/devel/CMakeFiles/CMakeTmp'


    Feature record: CXX_FEATURE:0cxx_aggregate_default_initializers
    Feature record: CXX_FEATURE:0cxx_alias_templates
    Feature record: CXX_FEATURE:0cxx_alignas
    Feature record: CXX_FEATURE:0cxx_alignof
    Feature record: CXX_FEATURE:0cxx_attributes
    Feature record: CXX_FEATURE:0cxx_attribute_deprecated
    Feature record: CXX_FEATURE:0cxx_auto_type
    Feature record: CXX_FEATURE:0cxx_binary_literals
    Feature record: CXX_FEATURE:0cxx_constexpr
    Feature record: CXX_FEATURE:0cxx_contextual_conversions
    Feature record: CXX_FEATURE:0cxx_decltype
    Feature record: CXX_FEATURE:0cxx_decltype_auto
    Feature record: CXX_FEATURE:0cxx_decltype_incomplete_return_types
    Feature record: CXX_FEATURE:0cxx_default_function_template_args
    Feature record: CXX_FEATURE:0cxx_defaulted_functions
    Feature record: CXX_FEATURE:0cxx_defaulted_move_initializers
    Feature record: CXX_FEATURE:0cxx_delegating_constructors
    Feature record: CXX_FEATURE:0cxx_deleted_functions
    Feature record: CXX_FEATURE:0cxx_digit_separators
    Feature record: CXX_FEATURE:0cxx_enum_forward_declarations
    Feature record: CXX_FEATURE:0cxx_explicit_conversions
    Feature record: CXX_FEATURE:0cxx_extended_friend_declarations
    Feature record: CXX_FEATURE:0cxx_extern_templates
    Feature record: CXX_FEATURE:0cxx_final
    Feature record: CXX_FEATURE:0cxx_func_identifier
    Feature record: CXX_FEATURE:0cxx_generalized_initializers
    Feature record: CXX_FEATURE:0cxx_generic_lambdas
    Feature record: CXX_FEATURE:0cxx_inheriting_constructors
    Feature record: CXX_FEATURE:0cxx_inline_namespaces
    Feature record: CXX_FEATURE:0cxx_lambdas
    Feature record: CXX_FEATURE:0cxx_lambda_init_captures
    Feature record: CXX_FEATURE:0cxx_local_type_template_args
    Feature record: CXX_FEATURE:0cxx_long_long_type
    Feature record: CXX_FEATURE:0cxx_noexcept
    Feature record: CXX_FEATURE:0cxx_nonstatic_member_init
    Feature record: CXX_FEATURE:0cxx_nullptr
    Feature record: CXX_FEATURE:0cxx_override
    Feature record: CXX_FEATURE:0cxx_range_for
    Feature record: CXX_FEATURE:0cxx_raw_string_literals
    Feature record: CXX_FEATURE:0cxx_reference_qualified_functions
    Feature record: CXX_FEATURE:0cxx_relaxed_constexpr
    Feature record: CXX_FEATURE:0cxx_return_type_deduction
    Feature record: CXX_FEATURE:0cxx_right_angle_brackets
    Feature record: CXX_FEATURE:0cxx_rvalue_references
    Feature record: CXX_FEATURE:0cxx_sizeof_member
    Feature record: CXX_FEATURE:0cxx_static_assert
    Feature record: CXX_FEATURE:0cxx_strong_enums
    Feature record: CXX_FEATURE:1cxx_template_template_parameters
    Feature record: CXX_FEATURE:0cxx_thread_local
    Feature record: CXX_FEATURE:0cxx_trailing_return_types
    Feature record: CXX_FEATURE:0cxx_unicode_literals
    Feature record: CXX_FEATURE:0cxx_uniform_initialization
    Feature record: CXX_FEATURE:0cxx_unrestricted_unions
    Feature record: CXX_FEATURE:0cxx_user_literals
    Feature record: CXX_FEATURE:0cxx_variable_templates
    Feature record: CXX_FEATURE:0cxx_variadic_macros
    Feature record: CXX_FEATURE:0cxx_variadic_templates
Determining if the include file fcntl.h exists passed with the following output:
Change Dir: /home/khoa/catkin_ws/build_isolated/csm/devel/CMakeFiles/CMakeTmp

Run Build Command:"/usr/bin/make" "cmTC_64454/fast"
/usr/bin/make -f CMakeFiles/cmTC_64454.dir/build.make CMakeFiles/cmTC_64454.dir/build
make[1]: Entering directory '/home/khoa/catkin_ws/build_isolated/csm/devel/CMakeFiles/CMakeTmp'
Building C object CMakeFiles/cmTC_64454.dir/CheckIncludeFile.c.o
/usr/bin/cc   -I/usr/include  -I/usr/include/cairo -std=c99 -fPIC -ggdb -Wall    -o CMakeFiles/cmTC_64454.dir/CheckIncludeFile.c.o   -c /home/khoa/catkin_ws/build_isolated/csm/devel/CMakeFiles/CMakeTmp/CheckIncludeFile.c
Linking C executable cmTC_64454
/usr/bin/cmake -E cmake_link_script CMakeFiles/cmTC_64454.dir/link.txt --verbose=1
/usr/bin/cc   -I/usr/include  -I/usr/include/cairo -std=c99 -fPIC -ggdb -Wall     -rdynamic CMakeFiles/cmTC_64454.dir/CheckIncludeFile.c.o  -o cmTC_64454 
make[1]: Leaving directory '/home/khoa/catkin_ws/build_isolated/csm/devel/CMakeFiles/CMakeTmp'


Determining if the include file inttypes.h exists passed with the following output:
Change Dir: /home/khoa/catkin_ws/build_isolated/csm/devel/CMakeFiles/CMakeTmp

Run Build Command:"/usr/bin/make" "cmTC_cd669/fast"
/usr/bin/make -f CMakeFiles/cmTC_cd669.dir/build.make CMakeFiles/cmTC_cd669.dir/build
make[1]: Entering directory '/home/khoa/catkin_ws/build_isolated/csm/devel/CMakeFiles/CMakeTmp'
Building C object CMakeFiles/cmTC_cd669.dir/CheckIncludeFile.c.o
/usr/bin/cc   -I/usr/include  -I/usr/include/cairo -std=c99 -fPIC -ggdb -Wall    -o CMakeFiles/cmTC_cd669.dir/CheckIncludeFile.c.o   -c /home/khoa/catkin_ws/build_isolated/csm/devel/CMakeFiles/CMakeTmp/CheckIncludeFile.c
Linking C executable cmTC_cd669
/usr/bin/cmake -E cmake_link_script CMakeFiles/cmTC_cd669.dir/link.txt --verbose=1
/usr/bin/cc   -I/usr/include  -I/usr/include/cairo -std=c99 -fPIC -ggdb -Wall     -rdynamic CMakeFiles/cmTC_cd669.dir/CheckIncludeFile.c.o  -o cmTC_cd669 
make[1]: Leaving directory '/home/khoa/catkin_ws/build_isolated/csm/devel/CMakeFiles/CMakeTmp'


Determining if the include file limits.h exists passed with the following output:
Change Dir: /home/khoa/catkin_ws/build_isolated/csm/devel/CMakeFiles/CMakeTmp

Run Build Command:"/usr/bin/make" "cmTC_fb573/fast"
/usr/bin/make -f CMakeFiles/cmTC_fb573.dir/build.make CMakeFiles/cmTC_fb573.dir/build
make[1]: Entering directory '/home/khoa/catkin_ws/build_isolated/csm/devel/CMakeFiles/CMakeTmp'
Building C object CMakeFiles/cmTC_fb573.dir/CheckIncludeFile.c.o
/usr/bin/cc   -I/usr/include  -I/usr/include/cairo -std=c99 -fPIC -ggdb -Wall    -o CMakeFiles/cmTC_fb573.dir/CheckIncludeFile.c.o   -c /home/khoa/catkin_ws/build_isolated/csm/devel/CMakeFiles/CMakeTmp/CheckIncludeFile.c
Linking C executable cmTC_fb573
/usr/bin/cmake -E cmake_link_script CMakeFiles/cmTC_fb573.dir/link.txt --verbose=1
/usr/bin/cc   -I/usr/include  -I/usr/include/cairo -std=c99 -fPIC -ggdb -Wall     -rdynamic CMakeFiles/cmTC_fb573.dir/CheckIncludeFile.c.o  -o cmTC_fb573 
make[1]: Leaving directory '/home/khoa/catkin_ws/build_isolated/csm/devel/CMakeFiles/CMakeTmp'


Determining if the include file memory.h exists passed with the following output:
Change Dir: /home/khoa/catkin_ws/build_isolated/csm/devel/CMakeFiles/CMakeTmp

Run Build Command:"/usr/bin/make" "cmTC_00354/fast"
/usr/bin/make -f CMakeFiles/cmTC_00354.dir/build.make CMakeFiles/cmTC_00354.dir/build
make[1]: Entering directory '/home/khoa/catkin_ws/build_isolated/csm/devel/CMakeFiles/CMakeTmp'
Building C object CMakeFiles/cmTC_00354.dir/CheckIncludeFile.c.o
/usr/bin/cc   -I/usr/include  -I/usr/include/cairo -std=c99 -fPIC -ggdb -Wall    -o CMakeFiles/cmTC_00354.dir/CheckIncludeFile.c.o   -c /home/khoa/catkin_ws/build_isolated/csm/devel/CMakeFiles/CMakeTmp/CheckIncludeFile.c
Linking C executable cmTC_00354
/usr/bin/cmake -E cmake_link_script CMakeFiles/cmTC_00354.dir/link.txt --verbose=1
/usr/bin/cc   -I/usr/include  -I/usr/include/cairo -std=c99 -fPIC -ggdb -Wall     -rdynamic CMakeFiles/cmTC_00354.dir/CheckIncludeFile.c.o  -o cmTC_00354 
make[1]: Leaving directory '/home/khoa/catkin_ws/build_isolated/csm/devel/CMakeFiles/CMakeTmp'


Determining if the include file stdarg.h exists passed with the following output:
Change Dir: /home/khoa/catkin_ws/build_isolated/csm/devel/CMakeFiles/CMakeTmp

Run Build Command:"/usr/bin/make" "cmTC_728b9/fast"
/usr/bin/make -f CMakeFiles/cmTC_728b9.dir/build.make CMakeFiles/cmTC_728b9.dir/build
make[1]: Entering directory '/home/khoa/catkin_ws/build_isolated/csm/devel/CMakeFiles/CMakeTmp'
Building C object CMakeFiles/cmTC_728b9.dir/CheckIncludeFile.c.o
/usr/bin/cc   -I/usr/include  -I/usr/include/cairo -std=c99 -fPIC -ggdb -Wall    -o CMakeFiles/cmTC_728b9.dir/CheckIncludeFile.c.o   -c /home/khoa/catkin_ws/build_isolated/csm/devel/CMakeFiles/CMakeTmp/CheckIncludeFile.c
Linking C executable cmTC_728b9
/usr/bin/cmake -E cmake_link_script CMakeFiles/cmTC_728b9.dir/link.txt --verbose=1
/usr/bin/cc   -I/usr/include  -I/usr/include/cairo -std=c99 -fPIC -ggdb -Wall     -rdynamic CMakeFiles/cmTC_728b9.dir/CheckIncludeFile.c.o  -o cmTC_728b9 
make[1]: Leaving directory '/home/khoa/catkin_ws/build_isolated/csm/devel/CMakeFiles/CMakeTmp'


Determining if the include file stdint.h exists passed with the following output:
Change Dir: /home/khoa/catkin_ws/build_isolated/csm/devel/CMakeFiles/CMakeTmp

Run Build Command:"/usr/bin/make" "cmTC_2fc9f/fast"
/usr/bin/make -f CMakeFiles/cmTC_2fc9f.dir/build.make CMakeFiles/cmTC_2fc9f.dir/build
make[1]: Entering directory '/home/khoa/catkin_ws/build_isolated/csm/devel/CMakeFiles/CMakeTmp'
Building C object CMakeFiles/cmTC_2fc9f.dir/CheckIncludeFile.c.o
/usr/bin/cc   -I/usr/include  -I/usr/include/cairo -std=c99 -fPIC -ggdb -Wall    -o CMakeFiles/cmTC_2fc9f.dir/CheckIncludeFile.c.o   -c /home/khoa/catkin_ws/build_isolated/csm/devel/CMakeFiles/CMakeTmp/CheckIncludeFile.c
Linking C executable cmTC_2fc9f
/usr/bin/cmake -E cmake_link_script CMakeFiles/cmTC_2fc9f.dir/link.txt --verbose=1
/usr/bin/cc   -I/usr/include  -I/usr/include/cairo -std=c99 -fPIC -ggdb -Wall     -rdynamic CMakeFiles/cmTC_2fc9f.dir/CheckIncludeFile.c.o  -o cmTC_2fc9f 
make[1]: Leaving directory '/home/khoa/catkin_ws/build_isolated/csm/devel/CMakeFiles/CMakeTmp'


Determining if the include file stdlib.h exists passed with the following output:
Change Dir: /home/khoa/catkin_ws/build_isolated/csm/devel/CMakeFiles/CMakeTmp

Run Build Command:"/usr/bin/make" "cmTC_64c50/fast"
/usr/bin/make -f CMakeFiles/cmTC_64c50.dir/build.make CMakeFiles/cmTC_64c50.dir/build
make[1]: Entering directory '/home/khoa/catkin_ws/build_isolated/csm/devel/CMakeFiles/CMakeTmp'
Building C object CMakeFiles/cmTC_64c50.dir/CheckIncludeFile.c.o
/usr/bin/cc   -I/usr/include  -I/usr/include/cairo -std=c99 -fPIC -ggdb -Wall    -o CMakeFiles/cmTC_64c50.dir/CheckIncludeFile.c.o   -c /home/khoa/catkin_ws/build_isolated/csm/devel/CMakeFiles/CMakeTmp/CheckIncludeFile.c
Linking C executable cmTC_64c50
/usr/bin/cmake -E cmake_link_script CMakeFiles/cmTC_64c50.dir/link.txt --verbose=1
/usr/bin/cc   -I/usr/include  -I/usr/include/cairo -std=c99 -fPIC -ggdb -Wall     -rdynamic CMakeFiles/cmTC_64c50.dir/CheckIncludeFile.c.o  -o cmTC_64c50 
make[1]: Leaving directory '/home/khoa/catkin_ws/build_isolated/csm/devel/CMakeFiles/CMakeTmp'


Determining if the include file strings.h exists passed with the following output:
Change Dir: /home/khoa/catkin_ws/build_isolated/csm/devel/CMakeFiles/CMakeTmp

Run Build Command:"/usr/bin/make" "cmTC_2b0d8/fast"
/usr/bin/make -f CMakeFiles/cmTC_2b0d8.dir/build.make CMakeFiles/cmTC_2b0d8.dir/build
make[1]: Entering directory '/home/khoa/catkin_ws/build_isolated/csm/devel/CMakeFiles/CMakeTmp'
Building C object CMakeFiles/cmTC_2b0d8.dir/CheckIncludeFile.c.o
/usr/bin/cc   -I/usr/include  -I/usr/include/cairo -std=c99 -fPIC -ggdb -Wall    -o CMakeFiles/cmTC_2b0d8.dir/CheckIncludeFile.c.o   -c /home/khoa/catkin_ws/build_isolated/csm/devel/CMakeFiles/CMakeTmp/CheckIncludeFile.c
Linking C executable cmTC_2b0d8
/usr/bin/cmake -E cmake_link_script CMakeFiles/cmTC_2b0d8.dir/link.txt --verbose=1
/usr/bin/cc   -I/usr/include  -I/usr/include/cairo -std=c99 -fPIC -ggdb -Wall     -rdynamic CMakeFiles/cmTC_2b0d8.dir/CheckIncludeFile.c.o  -o cmTC_2b0d8 
make[1]: Leaving directory '/home/khoa/catkin_ws/build_isolated/csm/devel/CMakeFiles/CMakeTmp'


Determining if the include file string.h exists passed with the following output:
Change Dir: /home/khoa/catkin_ws/build_isolated/csm/devel/CMakeFiles/CMakeTmp

Run Build Command:"/usr/bin/make" "cmTC_e3dac/fast"
/usr/bin/make -f CMakeFiles/cmTC_e3dac.dir/build.make CMakeFiles/cmTC_e3dac.dir/build
make[1]: Entering directory '/home/khoa/catkin_ws/build_isolated/csm/devel/CMakeFiles/CMakeTmp'
Building C object CMakeFiles/cmTC_e3dac.dir/CheckIncludeFile.c.o
/usr/bin/cc   -I/usr/include  -I/usr/include/cairo -std=c99 -fPIC -ggdb -Wall    -o CMakeFiles/cmTC_e3dac.dir/CheckIncludeFile.c.o   -c /home/khoa/catkin_ws/build_isolated/csm/devel/CMakeFiles/CMakeTmp/CheckIncludeFile.c
Linking C executable cmTC_e3dac
/usr/bin/cmake -E cmake_link_script CMakeFiles/cmTC_e3dac.dir/link.txt --verbose=1
/usr/bin/cc   -I/usr/include  -I/usr/include/cairo -std=c99 -fPIC -ggdb -Wall     -rdynamic CMakeFiles/cmTC_e3dac.dir/CheckIncludeFile.c.o  -o cmTC_e3dac 
make[1]: Leaving directory '/home/khoa/catkin_ws/build_isolated/csm/devel/CMakeFiles/CMakeTmp'


Determining if the include file syslog.h exists passed with the following output:
Change Dir: /home/khoa/catkin_ws/build_isolated/csm/devel/CMakeFiles/CMakeTmp

Run Build Command:"/usr/bin/make" "cmTC_8aa0a/fast"
/usr/bin/make -f CMakeFiles/cmTC_8aa0a.dir/build.make CMakeFiles/cmTC_8aa0a.dir/build
make[1]: Entering directory '/home/khoa/catkin_ws/build_isolated/csm/devel/CMakeFiles/CMakeTmp'
Building C object CMakeFiles/cmTC_8aa0a.dir/CheckIncludeFile.c.o
/usr/bin/cc   -I/usr/include  -I/usr/include/cairo -std=c99 -fPIC -ggdb -Wall    -o CMakeFiles/cmTC_8aa0a.dir/CheckIncludeFile.c.o   -c /home/khoa/catkin_ws/build_isolated/csm/devel/CMakeFiles/CMakeTmp/CheckIncludeFile.c
Linking C executable cmTC_8aa0a
/usr/bin/cmake -E cmake_link_script CMakeFiles/cmTC_8aa0a.dir/link.txt --verbose=1
/usr/bin/cc   -I/usr/include  -I/usr/include/cairo -std=c99 -fPIC -ggdb -Wall     -rdynamic CMakeFiles/cmTC_8aa0a.dir/CheckIncludeFile.c.o  -o cmTC_8aa0a 
make[1]: Leaving directory '/home/khoa/catkin_ws/build_isolated/csm/devel/CMakeFiles/CMakeTmp'


Determining if the include file sys/param.h exists passed with the following output:
Change Dir: /home/khoa/catkin_ws/build_isolated/csm/devel/CMakeFiles/CMakeTmp

Run Build Command:"/usr/bin/make" "cmTC_28092/fast"
/usr/bin/make -f CMakeFiles/cmTC_28092.dir/build.make CMakeFiles/cmTC_28092.dir/build
make[1]: Entering directory '/home/khoa/catkin_ws/build_isolated/csm/devel/CMakeFiles/CMakeTmp'
Building C object CMakeFiles/cmTC_28092.dir/CheckIncludeFile.c.o
/usr/bin/cc   -I/usr/include  -I/usr/include/cairo -std=c99 -fPIC -ggdb -Wall    -o CMakeFiles/cmTC_28092.dir/CheckIncludeFile.c.o   -c /home/khoa/catkin_ws/build_isolated/csm/devel/CMakeFiles/CMakeTmp/CheckIncludeFile.c
Linking C executable cmTC_28092
/usr/bin/cmake -E cmake_link_script CMakeFiles/cmTC_28092.dir/link.txt --verbose=1
/usr/bin/cc   -I/usr/include  -I/usr/include/cairo -std=c99 -fPIC -ggdb -Wall     -rdynamic CMakeFiles/cmTC_28092.dir/CheckIncludeFile.c.o  -o cmTC_28092 
make[1]: Leaving directory '/home/khoa/catkin_ws/build_isolated/csm/devel/CMakeFiles/CMakeTmp'


Determining if the include file sys/types.h exists passed with the following output:
Change Dir: /home/khoa/catkin_ws/build_isolated/csm/devel/CMakeFiles/CMakeTmp

Run Build Command:"/usr/bin/make" "cmTC_35371/fast"
/usr/bin/make -f CMakeFiles/cmTC_35371.dir/build.make CMakeFiles/cmTC_35371.dir/build
make[1]: Entering directory '/home/khoa/catkin_ws/build_isolated/csm/devel/CMakeFiles/CMakeTmp'
Building C object CMakeFiles/cmTC_35371.dir/CheckIncludeFile.c.o
/usr/bin/cc   -I/usr/include  -I/usr/include/cairo -std=c99 -fPIC -ggdb -Wall    -o CMakeFiles/cmTC_35371.dir/CheckIncludeFile.c.o   -c /home/khoa/catkin_ws/build_isolated/csm/devel/CMakeFiles/CMakeTmp/CheckIncludeFile.c
Linking C executable cmTC_35371
/usr/bin/cmake -E cmake_link_script CMakeFiles/cmTC_35371.dir/link.txt --verbose=1
/usr/bin/cc   -I/usr/include  -I/usr/include/cairo -std=c99 -fPIC -ggdb -Wall     -rdynamic CMakeFiles/cmTC_35371.dir/CheckIncludeFile.c.o  -o cmTC_35371 
make[1]: Leaving directory '/home/khoa/catkin_ws/build_isolated/csm/devel/CMakeFiles/CMakeTmp'


Determining if the include file sys/stat.h exists passed with the following output:
Change Dir: /home/khoa/catkin_ws/build_isolated/csm/devel/CMakeFiles/CMakeTmp

Run Build Command:"/usr/bin/make" "cmTC_48b34/fast"
/usr/bin/make -f CMakeFiles/cmTC_48b34.dir/build.make CMakeFiles/cmTC_48b34.dir/build
make[1]: Entering directory '/home/khoa/catkin_ws/build_isolated/csm/devel/CMakeFiles/CMakeTmp'
Building C object CMakeFiles/cmTC_48b34.dir/CheckIncludeFile.c.o
/usr/bin/cc   -I/usr/include  -I/usr/include/cairo -std=c99 -fPIC -ggdb -Wall    -o CMakeFiles/cmTC_48b34.dir/CheckIncludeFile.c.o   -c /home/khoa/catkin_ws/build_isolated/csm/devel/CMakeFiles/CMakeTmp/CheckIncludeFile.c
Linking C executable cmTC_48b34
/usr/bin/cmake -E cmake_link_script CMakeFiles/cmTC_48b34.dir/link.txt --verbose=1
/usr/bin/cc   -I/usr/include  -I/usr/include/cairo -std=c99 -fPIC -ggdb -Wall     -rdynamic CMakeFiles/cmTC_48b34.dir/CheckIncludeFile.c.o  -o cmTC_48b34 
make[1]: Leaving directory '/home/khoa/catkin_ws/build_isolated/csm/devel/CMakeFiles/CMakeTmp'


Determining if the include file unistd.h exists passed with the following output:
Change Dir: /home/khoa/catkin_ws/build_isolated/csm/devel/CMakeFiles/CMakeTmp

Run Build Command:"/usr/bin/make" "cmTC_96bb0/fast"
/usr/bin/make -f CMakeFiles/cmTC_96bb0.dir/build.make CMakeFiles/cmTC_96bb0.dir/build
make[1]: Entering directory '/home/khoa/catkin_ws/build_isolated/csm/devel/CMakeFiles/CMakeTmp'
Building C object CMakeFiles/cmTC_96bb0.dir/CheckIncludeFile.c.o
/usr/bin/cc   -I/usr/include  -I/usr/include/cairo -std=c99 -fPIC -ggdb -Wall    -o CMakeFiles/cmTC_96bb0.dir/CheckIncludeFile.c.o   -c /home/khoa/catkin_ws/build_isolated/csm/devel/CMakeFiles/CMakeTmp/CheckIncludeFile.c
Linking C executable cmTC_96bb0
/usr/bin/cmake -E cmake_link_script CMakeFiles/cmTC_96bb0.dir/link.txt --verbose=1
/usr/bin/cc   -I/usr/include  -I/usr/include/cairo -std=c99 -fPIC -ggdb -Wall     -rdynamic CMakeFiles/cmTC_96bb0.dir/CheckIncludeFile.c.o  -o cmTC_96bb0 
make[1]: Leaving directory '/home/khoa/catkin_ws/build_isolated/csm/devel/CMakeFiles/CMakeTmp'


Determining if the function open exists passed with the following output:
Change Dir: /home/khoa/catkin_ws/build_isolated/csm/devel/CMakeFiles/CMakeTmp

Run Build Command:"/usr/bin/make" "cmTC_12beb/fast"
/usr/bin/make -f CMakeFiles/cmTC_12beb.dir/build.make CMakeFiles/cmTC_12beb.dir/build
make[1]: Entering directory '/home/khoa/catkin_ws/build_isolated/csm/devel/CMakeFiles/CMakeTmp'
Building C object CMakeFiles/cmTC_12beb.dir/CheckFunctionExists.c.o
/usr/bin/cc   -I/usr/include  -I/usr/include/cairo -std=c99 -fPIC -ggdb -Wall -DCHECK_FUNCTION_EXISTS=open   -o CMakeFiles/cmTC_12beb.dir/CheckFunctionExists.c.o   -c /usr/share/cmake-3.10/Modules/CheckFunctionExists.c
Linking C executable cmTC_12beb
/usr/bin/cmake -E cmake_link_script CMakeFiles/cmTC_12beb.dir/link.txt --verbose=1
/usr/bin/cc   -I/usr/include  -I/usr/include/cairo -std=c99 -fPIC -ggdb -Wall -DCHECK_FUNCTION_EXISTS=open    -rdynamic CMakeFiles/cmTC_12beb.dir/CheckFunctionExists.c.o  -o cmTC_12beb 
make[1]: Leaving directory '/home/khoa/catkin_ws/build_isolated/csm/devel/CMakeFiles/CMakeTmp'


Determining if the function malloc exists passed with the following output:
Change Dir: /home/khoa/catkin_ws/build_isolated/csm/devel/CMakeFiles/CMakeTmp

Run Build Command:"/usr/bin/make" "cmTC_a3459/fast"
/usr/bin/make -f CMakeFiles/cmTC_a3459.dir/build.make CMakeFiles/cmTC_a3459.dir/build
make[1]: Entering directory '/home/khoa/catkin_ws/build_isolated/csm/devel/CMakeFiles/CMakeTmp'
Building C object CMakeFiles/cmTC_a3459.dir/CheckFunctionExists.c.o
/usr/bin/cc   -I/usr/include  -I/usr/include/cairo -std=c99 -fPIC -ggdb -Wall -DCHECK_FUNCTION_EXISTS=malloc   -o CMakeFiles/cmTC_a3459.dir/CheckFunctionExists.c.o   -c /usr/share/cmake-3.10/Modules/CheckFunctionExists.c
<command-line>:0:23: warning: conflicting types for built-in function malloc [-Wbuiltin-declaration-mismatch]
/usr/share/cmake-3.10/Modules/CheckFunctionExists.c:7:3: note: in expansion of macro CHECK_FUNCTION_EXISTS
   CHECK_FUNCTION_EXISTS(void);
   ^~~~~~~~~~~~~~~~~~~~~
Linking C executable cmTC_a3459
/usr/bin/cmake -E cmake_link_script CMakeFiles/cmTC_a3459.dir/link.txt --verbose=1
/usr/bin/cc   -I/usr/include  -I/usr/include/cairo -std=c99 -fPIC -ggdb -Wall -DCHECK_FUNCTION_EXISTS=malloc    -rdynamic CMakeFiles/cmTC_a3459.dir/CheckFunctionExists.c.o  -o cmTC_a3459 
make[1]: Leaving directory '/home/khoa/catkin_ws/build_isolated/csm/devel/CMakeFiles/CMakeTmp'


Determining if the function realloc exists passed with the following output:
Change Dir: /home/khoa/catkin_ws/build_isolated/csm/devel/CMakeFiles/CMakeTmp

Run Build Command:"/usr/bin/make" "cmTC_d813a/fast"
/usr/bin/make -f CMakeFiles/cmTC_d813a.dir/build.make CMakeFiles/cmTC_d813a.dir/build
make[1]: Entering directory '/home/khoa/catkin_ws/build_isolated/csm/devel/CMakeFiles/CMakeTmp'
Building C object CMakeFiles/cmTC_d813a.dir/CheckFunctionExists.c.o
/usr/bin/cc   -I/usr/include  -I/usr/include/cairo -std=c99 -fPIC -ggdb -Wall -DCHECK_FUNCTION_EXISTS=realloc   -o CMakeFiles/cmTC_d813a.dir/CheckFunctionExists.c.o   -c /usr/share/cmake-3.10/Modules/CheckFunctionExists.c
<command-line>:0:23: warning: conflicting types for built-in function realloc [-Wbuiltin-declaration-mismatch]
/usr/share/cmake-3.10/Modules/CheckFunctionExists.c:7:3: note: in expansion of macro CHECK_FUNCTION_EXISTS
   CHECK_FUNCTION_EXISTS(void);
   ^~~~~~~~~~~~~~~~~~~~~
Linking C executable cmTC_d813a
/usr/bin/cmake -E cmake_link_script CMakeFiles/cmTC_d813a.dir/link.txt --verbose=1
/usr/bin/cc   -I/usr/include  -I/usr/include/cairo -std=c99 -fPIC -ggdb -Wall -DCHECK_FUNCTION_EXISTS=realloc    -rdynamic CMakeFiles/cmTC_d813a.dir/CheckFunctionExists.c.o  -o cmTC_d813a 
make[1]: Leaving directory '/home/khoa/catkin_ws/build_isolated/csm/devel/CMakeFiles/CMakeTmp'


Determining if the function strerror exists passed with the following output:
Change Dir: /home/khoa/catkin_ws/build_isolated/csm/devel/CMakeFiles/CMakeTmp

Run Build Command:"/usr/bin/make" "cmTC_eab88/fast"
/usr/bin/make -f CMakeFiles/cmTC_eab88.dir/build.make CMakeFiles/cmTC_eab88.dir/build
make[1]: Entering directory '/home/khoa/catkin_ws/build_isolated/csm/devel/CMakeFiles/CMakeTmp'
Building C object CMakeFiles/cmTC_eab88.dir/CheckFunctionExists.c.o
/usr/bin/cc   -I/usr/include  -I/usr/include/cairo -std=c99 -fPIC -ggdb -Wall -DCHECK_FUNCTION_EXISTS=strerror   -o CMakeFiles/cmTC_eab88.dir/CheckFunctionExists.c.o   -c /usr/share/cmake-3.10/Modules/CheckFunctionExists.c
Linking C executable cmTC_eab88
/usr/bin/cmake -E cmake_link_script CMakeFiles/cmTC_eab88.dir/link.txt --verbose=1
/usr/bin/cc   -I/usr/include  -I/usr/include/cairo -std=c99 -fPIC -ggdb -Wall -DCHECK_FUNCTION_EXISTS=strerror    -rdynamic CMakeFiles/cmTC_eab88.dir/CheckFunctionExists.c.o  -o cmTC_eab88 
make[1]: Leaving directory '/home/khoa/catkin_ws/build_isolated/csm/devel/CMakeFiles/CMakeTmp'


Determining if the function strncasecmp exists passed with the following output:
Change Dir: /home/khoa/catkin_ws/build_isolated/csm/devel/CMakeFiles/CMakeTmp

Run Build Command:"/usr/bin/make" "cmTC_d5356/fast"
/usr/bin/make -f CMakeFiles/cmTC_d5356.dir/build.make CMakeFiles/cmTC_d5356.dir/build
make[1]: Entering directory '/home/khoa/catkin_ws/build_isolated/csm/devel/CMakeFiles/CMakeTmp'
Building C object CMakeFiles/cmTC_d5356.dir/CheckFunctionExists.c.o
/usr/bin/cc   -I/usr/include  -I/usr/include/cairo -std=c99 -fPIC -ggdb -Wall -DCHECK_FUNCTION_EXISTS=strncasecmp   -o CMakeFiles/cmTC_d5356.dir/CheckFunctionExists.c.o   -c /usr/share/cmake-3.10/Modules/CheckFunctionExists.c
Linking C executable cmTC_d5356
/usr/bin/cmake -E cmake_link_script CMakeFiles/cmTC_d5356.dir/link.txt --verbose=1
/usr/bin/cc   -I/usr/include  -I/usr/include/cairo -std=c99 -fPIC -ggdb -Wall -DCHECK_FUNCTION_EXISTS=strncasecmp    -rdynamic CMakeFiles/cmTC_d5356.dir/CheckFunctionExists.c.o  -o cmTC_d5356 
make[1]: Leaving directory '/home/khoa/catkin_ws/build_isolated/csm/devel/CMakeFiles/CMakeTmp'


Determining if the function strndup exists passed with the following output:
Change Dir: /home/khoa/catkin_ws/build_isolated/csm/devel/CMakeFiles/CMakeTmp

Run Build Command:"/usr/bin/make" "cmTC_9416e/fast"
/usr/bin/make -f CMakeFiles/cmTC_9416e.dir/build.make CMakeFiles/cmTC_9416e.dir/build
make[1]: Entering directory '/home/khoa/catkin_ws/build_isolated/csm/devel/CMakeFiles/CMakeTmp'
Building C object CMakeFiles/cmTC_9416e.dir/CheckFunctionExists.c.o
/usr/bin/cc   -I/usr/include  -I/usr/include/cairo -std=c99 -fPIC -ggdb -Wall -DCHECK_FUNCTION_EXISTS=strndup   -o CMakeFiles/cmTC_9416e.dir/CheckFunctionExists.c.o   -c /usr/share/cmake-3.10/Modules/CheckFunctionExists.c
Linking C executable cmTC_9416e
/usr/bin/cmake -E cmake_link_script CMakeFiles/cmTC_9416e.dir/link.txt --verbose=1
/usr/bin/cc   -I/usr/include  -I/usr/include/cairo -std=c99 -fPIC -ggdb -Wall -DCHECK_FUNCTION_EXISTS=strndup    -rdynamic CMakeFiles/cmTC_9416e.dir/CheckFunctionExists.c.o  -o cmTC_9416e 
make[1]: Leaving directory '/home/khoa/catkin_ws/build_isolated/csm/devel/CMakeFiles/CMakeTmp'


Determining if the function vasprintf exists passed with the following output:
Change Dir: /home/khoa/catkin_ws/build_isolated/csm/devel/CMakeFiles/CMakeTmp

Run Build Command:"/usr/bin/make" "cmTC_58aee/fast"
/usr/bin/make -f CMakeFiles/cmTC_58aee.dir/build.make CMakeFiles/cmTC_58aee.dir/build
make[1]: Entering directory '/home/khoa/catkin_ws/build_isolated/csm/devel/CMakeFiles/CMakeTmp'
Building C object CMakeFiles/cmTC_58aee.dir/CheckFunctionExists.c.o
/usr/bin/cc   -I/usr/include  -I/usr/include/cairo -std=c99 -fPIC -ggdb -Wall -DCHECK_FUNCTION_EXISTS=vasprintf   -o CMakeFiles/cmTC_58aee.dir/CheckFunctionExists.c.o   -c /usr/share/cmake-3.10/Modules/CheckFunctionExists.c
Linking C executable cmTC_58aee
/usr/bin/cmake -E cmake_link_script CMakeFiles/cmTC_58aee.dir/link.txt --verbose=1
/usr/bin/cc   -I/usr/include  -I/usr/include/cairo -std=c99 -fPIC -ggdb -Wall -DCHECK_FUNCTION_EXISTS=vasprintf    -rdynamic CMakeFiles/cmTC_58aee.dir/CheckFunctionExists.c.o  -o cmTC_58aee 
make[1]: Leaving directory '/home/khoa/catkin_ws/build_isolated/csm/devel/CMakeFiles/CMakeTmp'


Determining if the function vprintf exists passed with the following output:
Change Dir: /home/khoa/catkin_ws/build_isolated/csm/devel/CMakeFiles/CMakeTmp

Run Build Command:"/usr/bin/make" "cmTC_6d54f/fast"
/usr/bin/make -f CMakeFiles/cmTC_6d54f.dir/build.make CMakeFiles/cmTC_6d54f.dir/build
make[1]: Entering directory '/home/khoa/catkin_ws/build_isolated/csm/devel/CMakeFiles/CMakeTmp'
Building C object CMakeFiles/cmTC_6d54f.dir/CheckFunctionExists.c.o
/usr/bin/cc   -I/usr/include  -I/usr/include/cairo -std=c99 -fPIC -ggdb -Wall -DCHECK_FUNCTION_EXISTS=vprintf   -o CMakeFiles/cmTC_6d54f.dir/CheckFunctionExists.c.o   -c /usr/share/cmake-3.10/Modules/CheckFunctionExists.c
<command-line>:0:23: warning: conflicting types for built-in function vprintf [-Wbuiltin-declaration-mismatch]
/usr/share/cmake-3.10/Modules/CheckFunctionExists.c:7:3: note: in expansion of macro CHECK_FUNCTION_EXISTS
   CHECK_FUNCTION_EXISTS(void);
   ^~~~~~~~~~~~~~~~~~~~~
Linking C executable cmTC_6d54f
/usr/bin/cmake -E cmake_link_script CMakeFiles/cmTC_6d54f.dir/link.txt --verbose=1
/usr/bin/cc   -I/usr/include  -I/usr/include/cairo -std=c99 -fPIC -ggdb -Wall -DCHECK_FUNCTION_EXISTS=vprintf    -rdynamic CMakeFiles/cmTC_6d54f.dir/CheckFunctionExists.c.o  -o cmTC_6d54f 
make[1]: Leaving directory '/home/khoa/catkin_ws/build_isolated/csm/devel/CMakeFiles/CMakeTmp'


Determining if the function vsnprintf exists passed with the following output:
Change Dir: /home/khoa/catkin_ws/build_isolated/csm/devel/CMakeFiles/CMakeTmp

Run Build Command:"/usr/bin/make" "cmTC_5341e/fast"
/usr/bin/make -f CMakeFiles/cmTC_5341e.dir/build.make CMakeFiles/cmTC_5341e.dir/build
make[1]: Entering directory '/home/khoa/catkin_ws/build_isolated/csm/devel/CMakeFiles/CMakeTmp'
Building C object CMakeFiles/cmTC_5341e.dir/CheckFunctionExists.c.o
/usr/bin/cc   -I/usr/include  -I/usr/include/cairo -std=c99 -fPIC -ggdb -Wall -DCHECK_FUNCTION_EXISTS=vsnprintf   -o CMakeFiles/cmTC_5341e.dir/CheckFunctionExists.c.o   -c /usr/share/cmake-3.10/Modules/CheckFunctionExists.c
<command-line>:0:23: warning: conflicting types for built-in function vsnprintf [-Wbuiltin-declaration-mismatch]
/usr/share/cmake-3.10/Modules/CheckFunctionExists.c:7:3: note: in expansion of macro CHECK_FUNCTION_EXISTS
   CHECK_FUNCTION_EXISTS(void);
   ^~~~~~~~~~~~~~~~~~~~~
Linking C executable cmTC_5341e
/usr/bin/cmake -E cmake_link_script CMakeFiles/cmTC_5341e.dir/link.txt --verbose=1
/usr/bin/cc   -I/usr/include  -I/usr/include/cairo -std=c99 -fPIC -ggdb -Wall -DCHECK_FUNCTION_EXISTS=vsnprintf    -rdynamic CMakeFiles/cmTC_5341e.dir/CheckFunctionExists.c.o  -o cmTC_5341e 
make[1]: Leaving directory '/home/khoa/catkin_ws/build_isolated/csm/devel/CMakeFiles/CMakeTmp'


Determining if the function vsyslog exists passed with the following output:
Change Dir: /home/khoa/catkin_ws/build_isolated/csm/devel/CMakeFiles/CMakeTmp

Run Build Command:"/usr/bin/make" "cmTC_8ccaf/fast"
/usr/bin/make -f CMakeFiles/cmTC_8ccaf.dir/build.make CMakeFiles/cmTC_8ccaf.dir/build
make[1]: Entering directory '/home/khoa/catkin_ws/build_isolated/csm/devel/CMakeFiles/CMakeTmp'
Building C object CMakeFiles/cmTC_8ccaf.dir/CheckFunctionExists.c.o
/usr/bin/cc   -I/usr/include  -I/usr/include/cairo -std=c99 -fPIC -ggdb -Wall -DCHECK_FUNCTION_EXISTS=vsyslog   -o CMakeFiles/cmTC_8ccaf.dir/CheckFunctionExists.c.o   -c /usr/share/cmake-3.10/Modules/CheckFunctionExists.c
Linking C executable cmTC_8ccaf
/usr/bin/cmake -E cmake_link_script CMakeFiles/cmTC_8ccaf.dir/link.txt --verbose=1
/usr/bin/cc   -I/usr/include  -I/usr/include/cairo -std=c99 -fPIC -ggdb -Wall -DCHECK_FUNCTION_EXISTS=vsyslog    -rdynamic CMakeFiles/cmTC_8ccaf.dir/CheckFunctionExists.c.o  -o cmTC_8ccaf 
make[1]: Leaving directory '/home/khoa/catkin_ws/build_isolated/csm/devel/CMakeFiles/CMakeTmp'


