Determining if the pthread_create exist failed with the following output:
Change Dir: /home/khoa/catkin_ws/build_isolated/hector_geotiff_plugins/CMakeFiles/CMakeTmp

Run Build Command:"/usr/bin/make" "cmTC_39666/fast"
/usr/bin/make -f CMakeFiles/cmTC_39666.dir/build.make CMakeFiles/cmTC_39666.dir/build
make[1]: Entering directory '/home/khoa/catkin_ws/build_isolated/hector_geotiff_plugins/CMakeFiles/CMakeTmp'
Building C object CMakeFiles/cmTC_39666.dir/CheckSymbolExists.c.o
/usr/bin/cc    -o CMakeFiles/cmTC_39666.dir/CheckSymbolExists.c.o   -c /home/khoa/catkin_ws/build_isolated/hector_geotiff_plugins/CMakeFiles/CMakeTmp/CheckSymbolExists.c
Linking C executable cmTC_39666
/usr/bin/cmake -E cmake_link_script CMakeFiles/cmTC_39666.dir/link.txt --verbose=1
/usr/bin/cc      -rdynamic CMakeFiles/cmTC_39666.dir/CheckSymbolExists.c.o  -o cmTC_39666 
CMakeFiles/cmTC_39666.dir/CheckSymbolExists.c.o: In function `main':
CheckSymbolExists.c:(.text+0x1b): undefined reference to `pthread_create'
collect2: error: ld returned 1 exit status
CMakeFiles/cmTC_39666.dir/build.make:97: recipe for target 'cmTC_39666' failed
make[1]: *** [cmTC_39666] Error 1
make[1]: Leaving directory '/home/khoa/catkin_ws/build_isolated/hector_geotiff_plugins/CMakeFiles/CMakeTmp'
Makefile:126: recipe for target 'cmTC_39666/fast' failed
make: *** [cmTC_39666/fast] Error 2

File /home/khoa/catkin_ws/build_isolated/hector_geotiff_plugins/CMakeFiles/CMakeTmp/CheckSymbolExists.c:
/* */
#include <pthread.h>

int main(int argc, char** argv)
{
  (void)argv;
#ifndef pthread_create
  return ((int*)(&pthread_create))[argc];
#else
  (void)argc;
  return 0;
#endif
}

Determining if the function pthread_create exists in the pthreads failed with the following output:
Change Dir: /home/khoa/catkin_ws/build_isolated/hector_geotiff_plugins/CMakeFiles/CMakeTmp

Run Build Command:"/usr/bin/make" "cmTC_d03e2/fast"
/usr/bin/make -f CMakeFiles/cmTC_d03e2.dir/build.make CMakeFiles/cmTC_d03e2.dir/build
make[1]: Entering directory '/home/khoa/catkin_ws/build_isolated/hector_geotiff_plugins/CMakeFiles/CMakeTmp'
Building C object CMakeFiles/cmTC_d03e2.dir/CheckFunctionExists.c.o
/usr/bin/cc   -DCHECK_FUNCTION_EXISTS=pthread_create   -o CMakeFiles/cmTC_d03e2.dir/CheckFunctionExists.c.o   -c /usr/share/cmake-3.10/Modules/CheckFunctionExists.c
Linking C executable cmTC_d03e2
/usr/bin/cmake -E cmake_link_script CMakeFiles/cmTC_d03e2.dir/link.txt --verbose=1
/usr/bin/cc  -DCHECK_FUNCTION_EXISTS=pthread_create    -rdynamic CMakeFiles/cmTC_d03e2.dir/CheckFunctionExists.c.o  -o cmTC_d03e2 -lpthreads 
/usr/bin/ld: cannot find -lpthreads
collect2: error: ld returned 1 exit status
CMakeFiles/cmTC_d03e2.dir/build.make:97: recipe for target 'cmTC_d03e2' failed
make[1]: *** [cmTC_d03e2] Error 1
make[1]: Leaving directory '/home/khoa/catkin_ws/build_isolated/hector_geotiff_plugins/CMakeFiles/CMakeTmp'
Makefile:126: recipe for target 'cmTC_d03e2/fast' failed
make: *** [cmTC_d03e2/fast] Error 2


