Determining if the pthread_create exist failed with the following output:
Change Dir: /home/khoa/catkin_ws/build_isolated/marti_nav_msgs/CMakeFiles/CMakeTmp

Run Build Command:"/usr/bin/make" "cmTC_d816b/fast"
/usr/bin/make -f CMakeFiles/cmTC_d816b.dir/build.make CMakeFiles/cmTC_d816b.dir/build
make[1]: Entering directory '/home/khoa/catkin_ws/build_isolated/marti_nav_msgs/CMakeFiles/CMakeTmp'
Building C object CMakeFiles/cmTC_d816b.dir/CheckSymbolExists.c.o
/usr/bin/cc    -o CMakeFiles/cmTC_d816b.dir/CheckSymbolExists.c.o   -c /home/khoa/catkin_ws/build_isolated/marti_nav_msgs/CMakeFiles/CMakeTmp/CheckSymbolExists.c
Linking C executable cmTC_d816b
/usr/bin/cmake -E cmake_link_script CMakeFiles/cmTC_d816b.dir/link.txt --verbose=1
/usr/bin/cc      -rdynamic CMakeFiles/cmTC_d816b.dir/CheckSymbolExists.c.o  -o cmTC_d816b 
CMakeFiles/cmTC_d816b.dir/CheckSymbolExists.c.o: In function `main':
CheckSymbolExists.c:(.text+0x1b): undefined reference to `pthread_create'
collect2: error: ld returned 1 exit status
CMakeFiles/cmTC_d816b.dir/build.make:97: recipe for target 'cmTC_d816b' failed
make[1]: *** [cmTC_d816b] Error 1
make[1]: Leaving directory '/home/khoa/catkin_ws/build_isolated/marti_nav_msgs/CMakeFiles/CMakeTmp'
Makefile:126: recipe for target 'cmTC_d816b/fast' failed
make: *** [cmTC_d816b/fast] Error 2

File /home/khoa/catkin_ws/build_isolated/marti_nav_msgs/CMakeFiles/CMakeTmp/CheckSymbolExists.c:
/* */
#include <pthread.h>

int main(int argc, char** argv)
{
  (void)argv;
#ifndef pthread_create
  return ((int*)(&pthread_create))[argc];
#else
  (void)argc;
  return 0;
#endif
}

Determining if the function pthread_create exists in the pthreads failed with the following output:
Change Dir: /home/khoa/catkin_ws/build_isolated/marti_nav_msgs/CMakeFiles/CMakeTmp

Run Build Command:"/usr/bin/make" "cmTC_3cf3e/fast"
/usr/bin/make -f CMakeFiles/cmTC_3cf3e.dir/build.make CMakeFiles/cmTC_3cf3e.dir/build
make[1]: Entering directory '/home/khoa/catkin_ws/build_isolated/marti_nav_msgs/CMakeFiles/CMakeTmp'
Building C object CMakeFiles/cmTC_3cf3e.dir/CheckFunctionExists.c.o
/usr/bin/cc   -DCHECK_FUNCTION_EXISTS=pthread_create   -o CMakeFiles/cmTC_3cf3e.dir/CheckFunctionExists.c.o   -c /usr/share/cmake-3.10/Modules/CheckFunctionExists.c
Linking C executable cmTC_3cf3e
/usr/bin/cmake -E cmake_link_script CMakeFiles/cmTC_3cf3e.dir/link.txt --verbose=1
/usr/bin/cc  -DCHECK_FUNCTION_EXISTS=pthread_create    -rdynamic CMakeFiles/cmTC_3cf3e.dir/CheckFunctionExists.c.o  -o cmTC_3cf3e -lpthreads 
/usr/bin/ld: cannot find -lpthreads
collect2: error: ld returned 1 exit status
CMakeFiles/cmTC_3cf3e.dir/build.make:97: recipe for target 'cmTC_3cf3e' failed
make[1]: *** [cmTC_3cf3e] Error 1
make[1]: Leaving directory '/home/khoa/catkin_ws/build_isolated/marti_nav_msgs/CMakeFiles/CMakeTmp'
Makefile:126: recipe for target 'cmTC_3cf3e/fast' failed
make: *** [cmTC_3cf3e/fast] Error 2


