Determining if the pthread_create exist failed with the following output:
Change Dir: /home/khoa/catkin_ws/build_isolated/laser_ortho_projector/CMakeFiles/CMakeTmp

Run Build Command:"/usr/bin/make" "cmTC_54ebc/fast"
/usr/bin/make -f CMakeFiles/cmTC_54ebc.dir/build.make CMakeFiles/cmTC_54ebc.dir/build
make[1]: Entering directory '/home/khoa/catkin_ws/build_isolated/laser_ortho_projector/CMakeFiles/CMakeTmp'
Building C object CMakeFiles/cmTC_54ebc.dir/CheckSymbolExists.c.o
/usr/bin/cc    -o CMakeFiles/cmTC_54ebc.dir/CheckSymbolExists.c.o   -c /home/khoa/catkin_ws/build_isolated/laser_ortho_projector/CMakeFiles/CMakeTmp/CheckSymbolExists.c
Linking C executable cmTC_54ebc
/usr/bin/cmake -E cmake_link_script CMakeFiles/cmTC_54ebc.dir/link.txt --verbose=1
/usr/bin/cc      -rdynamic CMakeFiles/cmTC_54ebc.dir/CheckSymbolExists.c.o  -o cmTC_54ebc 
CMakeFiles/cmTC_54ebc.dir/CheckSymbolExists.c.o: In function `main':
CheckSymbolExists.c:(.text+0x1b): undefined reference to `pthread_create'
collect2: error: ld returned 1 exit status
CMakeFiles/cmTC_54ebc.dir/build.make:97: recipe for target 'cmTC_54ebc' failed
make[1]: *** [cmTC_54ebc] Error 1
make[1]: Leaving directory '/home/khoa/catkin_ws/build_isolated/laser_ortho_projector/CMakeFiles/CMakeTmp'
Makefile:126: recipe for target 'cmTC_54ebc/fast' failed
make: *** [cmTC_54ebc/fast] Error 2

File /home/khoa/catkin_ws/build_isolated/laser_ortho_projector/CMakeFiles/CMakeTmp/CheckSymbolExists.c:
/* */
#include <pthread.h>

int main(int argc, char** argv)
{
  (void)argv;
#ifndef pthread_create
  return ((int*)(&pthread_create))[argc];
#else
  (void)argc;
  return 0;
#endif
}

Determining if the function pthread_create exists in the pthreads failed with the following output:
Change Dir: /home/khoa/catkin_ws/build_isolated/laser_ortho_projector/CMakeFiles/CMakeTmp

Run Build Command:"/usr/bin/make" "cmTC_25cf1/fast"
/usr/bin/make -f CMakeFiles/cmTC_25cf1.dir/build.make CMakeFiles/cmTC_25cf1.dir/build
make[1]: Entering directory '/home/khoa/catkin_ws/build_isolated/laser_ortho_projector/CMakeFiles/CMakeTmp'
Building C object CMakeFiles/cmTC_25cf1.dir/CheckFunctionExists.c.o
/usr/bin/cc   -DCHECK_FUNCTION_EXISTS=pthread_create   -o CMakeFiles/cmTC_25cf1.dir/CheckFunctionExists.c.o   -c /usr/share/cmake-3.10/Modules/CheckFunctionExists.c
Linking C executable cmTC_25cf1
/usr/bin/cmake -E cmake_link_script CMakeFiles/cmTC_25cf1.dir/link.txt --verbose=1
/usr/bin/cc  -DCHECK_FUNCTION_EXISTS=pthread_create    -rdynamic CMakeFiles/cmTC_25cf1.dir/CheckFunctionExists.c.o  -o cmTC_25cf1 -lpthreads 
/usr/bin/ld: cannot find -lpthreads
collect2: error: ld returned 1 exit status
CMakeFiles/cmTC_25cf1.dir/build.make:97: recipe for target 'cmTC_25cf1' failed
make[1]: *** [cmTC_25cf1] Error 1
make[1]: Leaving directory '/home/khoa/catkin_ws/build_isolated/laser_ortho_projector/CMakeFiles/CMakeTmp'
Makefile:126: recipe for target 'cmTC_25cf1/fast' failed
make: *** [cmTC_25cf1/fast] Error 2


