Determining if the pthread_create exist failed with the following output:
Change Dir: /home/khoa/catkin_ws/build_isolated/marti_sensor_msgs/CMakeFiles/CMakeTmp

Run Build Command:"/usr/bin/make" "cmTC_ae4c7/fast"
/usr/bin/make -f CMakeFiles/cmTC_ae4c7.dir/build.make CMakeFiles/cmTC_ae4c7.dir/build
make[1]: Entering directory '/home/khoa/catkin_ws/build_isolated/marti_sensor_msgs/CMakeFiles/CMakeTmp'
Building C object CMakeFiles/cmTC_ae4c7.dir/CheckSymbolExists.c.o
/usr/bin/cc    -o CMakeFiles/cmTC_ae4c7.dir/CheckSymbolExists.c.o   -c /home/khoa/catkin_ws/build_isolated/marti_sensor_msgs/CMakeFiles/CMakeTmp/CheckSymbolExists.c
Linking C executable cmTC_ae4c7
/usr/bin/cmake -E cmake_link_script CMakeFiles/cmTC_ae4c7.dir/link.txt --verbose=1
/usr/bin/cc      -rdynamic CMakeFiles/cmTC_ae4c7.dir/CheckSymbolExists.c.o  -o cmTC_ae4c7 
CMakeFiles/cmTC_ae4c7.dir/CheckSymbolExists.c.o: In function `main':
CheckSymbolExists.c:(.text+0x1b): undefined reference to `pthread_create'
collect2: error: ld returned 1 exit status
CMakeFiles/cmTC_ae4c7.dir/build.make:97: recipe for target 'cmTC_ae4c7' failed
make[1]: *** [cmTC_ae4c7] Error 1
make[1]: Leaving directory '/home/khoa/catkin_ws/build_isolated/marti_sensor_msgs/CMakeFiles/CMakeTmp'
Makefile:126: recipe for target 'cmTC_ae4c7/fast' failed
make: *** [cmTC_ae4c7/fast] Error 2

File /home/khoa/catkin_ws/build_isolated/marti_sensor_msgs/CMakeFiles/CMakeTmp/CheckSymbolExists.c:
/* */
#include <pthread.h>

int main(int argc, char** argv)
{
  (void)argv;
#ifndef pthread_create
  return ((int*)(&pthread_create))[argc];
#else
  (void)argc;
  return 0;
#endif
}

Determining if the function pthread_create exists in the pthreads failed with the following output:
Change Dir: /home/khoa/catkin_ws/build_isolated/marti_sensor_msgs/CMakeFiles/CMakeTmp

Run Build Command:"/usr/bin/make" "cmTC_597cd/fast"
/usr/bin/make -f CMakeFiles/cmTC_597cd.dir/build.make CMakeFiles/cmTC_597cd.dir/build
make[1]: Entering directory '/home/khoa/catkin_ws/build_isolated/marti_sensor_msgs/CMakeFiles/CMakeTmp'
Building C object CMakeFiles/cmTC_597cd.dir/CheckFunctionExists.c.o
/usr/bin/cc   -DCHECK_FUNCTION_EXISTS=pthread_create   -o CMakeFiles/cmTC_597cd.dir/CheckFunctionExists.c.o   -c /usr/share/cmake-3.10/Modules/CheckFunctionExists.c
Linking C executable cmTC_597cd
/usr/bin/cmake -E cmake_link_script CMakeFiles/cmTC_597cd.dir/link.txt --verbose=1
/usr/bin/cc  -DCHECK_FUNCTION_EXISTS=pthread_create    -rdynamic CMakeFiles/cmTC_597cd.dir/CheckFunctionExists.c.o  -o cmTC_597cd -lpthreads 
/usr/bin/ld: cannot find -lpthreads
collect2: error: ld returned 1 exit status
CMakeFiles/cmTC_597cd.dir/build.make:97: recipe for target 'cmTC_597cd' failed
make[1]: *** [cmTC_597cd] Error 1
make[1]: Leaving directory '/home/khoa/catkin_ws/build_isolated/marti_sensor_msgs/CMakeFiles/CMakeTmp'
Makefile:126: recipe for target 'cmTC_597cd/fast' failed
make: *** [cmTC_597cd/fast] Error 2


